---------------------------------------------------------
------------------ [ Iteration - 1 ] ---------------------
---------------------------------------------------------
/mnt/f/projects/1. bachelor_thesis/thesis_forecasting_dataprep/venv/ubuntu/lib/python3.11/site-packages/numpy/_core/getlimits.py:551: UserWarning: Signature b'\x00\xd0\xcc\xcc\xcc\xcc\xcc\xcc\xfb\xbf\x00\x00\x00\x00\x00\x00' for <class 'numpy.longdouble'> does not match any known type: falling back to type probe function.
This warnings indicates broken support for the dtype!
  machar = _get_machar(dtype)
2025-05-19 20:38:03 [PID:10379] [TID:MainThread] [INFO] [Data Preparation Service] infographic_scraper.py:283 - get_stocks_infographic() - "indonesia_stocks/infographic_stocks.csv" already exists.
2025-05-19 20:38:13 [PID:10379] [TID:MainThread] [INFO] [Data Preparation Service] historical_scraper.py:102 - get_by_symbol() - Datasets are stored on "indonesia_stocks/historicals/BBCA.csv"
2025-05-19 20:38:20 [PID:10379] [TID:MainThread] [INFO] [Data Preparation Service] historical_scraper.py:102 - get_by_symbol() - Datasets are stored on "indonesia_stocks/historicals/TPIA.csv"
2025-05-19 20:38:21 [PID:10379] [TID:MainThread] [INFO] [Data Preparation Service] historical_scraper.py:102 - get_by_symbol() - Datasets are stored on "indonesia_stocks/historicals/BYAN.csv"
2025-05-19 20:38:24 [PID:10379] [TID:MainThread] [INFO] [Data Preparation Service] historical_scraper.py:102 - get_by_symbol() - Datasets are stored on "indonesia_stocks/historicals/BBRI.csv"
2025-05-19 20:38:26 [PID:10379] [TID:MainThread] [INFO] [Data Preparation Service] historical_scraper.py:102 - get_by_symbol() - Datasets are stored on "indonesia_stocks/historicals/DSSA.csv"
2025-05-19 20:38:28 [PID:10379] [TID:MainThread] [INFO] [Data Preparation Service] historical_scraper.py:102 - get_by_symbol() - Datasets are stored on "indonesia_stocks/historicals/PANI.csv"
2025-05-19 20:38:30 [PID:10379] [TID:MainThread] [INFO] [Data Preparation Service] historical_scraper.py:102 - get_by_symbol() - Datasets are stored on "indonesia_stocks/historicals/ASII.csv"
2025-05-19 20:38:33 [PID:10379] [TID:MainThread] [INFO] [Data Preparation Service] historical_scraper.py:102 - get_by_symbol() - Datasets are stored on "indonesia_stocks/historicals/BBNI.csv"
2025-05-19 20:38:36 [PID:10379] [TID:MainThread] [INFO] [Data Preparation Service] historical_scraper.py:102 - get_by_symbol() - Datasets are stored on "indonesia_stocks/historicals/DNET.csv"
2025-05-19 20:38:38 [PID:10379] [TID:MainThread] [INFO] [Data Preparation Service] historical_scraper.py:102 - get_by_symbol() - Datasets are stored on "indonesia_stocks/historicals/ICBP.csv"
2025-05-19 20:38:40 [PID:10379] [TID:MainThread] [INFO] [Data Preparation Service] historical_scraper.py:102 - get_by_symbol() - Datasets are stored on "indonesia_stocks/historicals/BRIS.csv"
2025-05-19 20:38:42 [PID:10379] [TID:MainThread] [INFO] [Data Preparation Service] historical_scraper.py:102 - get_by_symbol() - Datasets are stored on "indonesia_stocks/historicals/SMMA.csv"
2025-05-19 20:38:43 [PID:10379] [TID:MainThread] [INFO] [Data Preparation Service] historical_scraper.py:102 - get_by_symbol() - Datasets are stored on "indonesia_stocks/historicals/AMRT.csv"
2025-05-19 20:38:46 [PID:10379] [TID:MainThread] [INFO] [Data Preparation Service] historical_scraper.py:102 - get_by_symbol() - Datasets are stored on "indonesia_stocks/historicals/BNLI.csv"
2025-05-19 20:38:49 [PID:10379] [TID:MainThread] [INFO] [Data Preparation Service] historical_scraper.py:102 - get_by_symbol() - Datasets are stored on "indonesia_stocks/historicals/CPIN.csv"
2025-05-19 20:38:52 [PID:10379] [TID:MainThread] [INFO] [Data Preparation Service] historical_scraper.py:102 - get_by_symbol() - Datasets are stored on "indonesia_stocks/historicals/UNTR.csv"
2025-05-19 20:38:54 [PID:10379] [TID:MainThread] [INFO] [Data Preparation Service] historical_scraper.py:102 - get_by_symbol() - Datasets are stored on "indonesia_stocks/historicals/BRPT.csv"
2025-05-19 20:38:57 [PID:10379] [TID:MainThread] [INFO] [Data Preparation Service] historical_scraper.py:102 - get_by_symbol() - Datasets are stored on "indonesia_stocks/historicals/INDF.csv"
2025-05-19 20:38:59 [PID:10379] [TID:MainThread] [INFO] [Data Preparation Service] historical_scraper.py:102 - get_by_symbol() - Datasets are stored on "indonesia_stocks/historicals/UNVR.csv"
2025-05-19 20:39:01 [PID:10379] [TID:MainThread] [INFO] [Data Preparation Service] historical_scraper.py:102 - get_by_symbol() - Datasets are stored on "indonesia_stocks/historicals/KLBF.csv"
2025-05-19 20:39:03 [PID:10379] [TID:MainThread] [INFO] [Data Preparation Service] historical_scraper.py:102 - get_by_symbol() - Datasets are stored on "indonesia_stocks/historicals/ANTM.csv"
2025-05-19 20:39:05 [PID:10379] [TID:MainThread] [INFO] [Data Preparation Service] historical_scraper.py:102 - get_by_symbol() - Datasets are stored on "indonesia_stocks/historicals/MLPT.csv"
2025-05-19 20:39:08 [PID:10379] [TID:MainThread] [INFO] [Data Preparation Service] historical_scraper.py:102 - get_by_symbol() - Datasets are stored on "indonesia_stocks/historicals/MASA.csv"
2025-05-19 20:39:10 [PID:10379] [TID:MainThread] [INFO] [Data Preparation Service] historical_scraper.py:102 - get_by_symbol() - Datasets are stored on "indonesia_stocks/historicals/ADRO.csv"
2025-05-19 20:39:12 [PID:10379] [TID:MainThread] [INFO] [Data Preparation Service] historical_scraper.py:102 - get_by_symbol() - Datasets are stored on "indonesia_stocks/historicals/BRMS.csv"
2025-05-19 20:39:14 [PID:10379] [TID:MainThread] [INFO] [Data Preparation Service] historical_scraper.py:102 - get_by_symbol() - Datasets are stored on "indonesia_stocks/historicals/GEMS.csv"
2025-05-19 20:39:15 [PID:10379] [TID:MainThread] [INFO] [Data Preparation Service] historical_scraper.py:102 - get_by_symbol() - Datasets are stored on "indonesia_stocks/historicals/SUPR.csv"
2025-05-19 20:39:18 [PID:10379] [TID:MainThread] [INFO] [Data Preparation Service] historical_scraper.py:102 - get_by_symbol() - Datasets are stored on "indonesia_stocks/historicals/CASA.csv"
2025-05-19 20:39:20 [PID:10379] [TID:MainThread] [INFO] [Data Preparation Service] historical_scraper.py:102 - get_by_symbol() - Datasets are stored on "indonesia_stocks/historicals/TBIG.csv"
2025-05-19 20:39:22 [PID:10379] [TID:MainThread] [INFO] [Data Preparation Service] historical_scraper.py:102 - get_by_symbol() - Datasets are stored on "indonesia_stocks/historicals/MDKA.csv"
2025-05-19 20:39:24 [PID:10379] [TID:MainThread] [INFO] [Data Preparation Service] historical_scraper.py:102 - get_by_symbol() - Datasets are stored on "indonesia_stocks/historicals/MEGA.csv"
2025-05-19 20:39:27 [PID:10379] [TID:MainThread] [INFO] [Data Preparation Service] historical_scraper.py:102 - get_by_symbol() - Datasets are stored on "indonesia_stocks/historicals/BUMI.csv"
2025-05-19 20:39:30 [PID:10379] [TID:MainThread] [INFO] [Data Preparation Service] historical_scraper.py:102 - get_by_symbol() - Datasets are stored on "indonesia_stocks/historicals/EXCL.csv"
2025-05-19 20:39:32 [PID:10379] [TID:MainThread] [INFO] [Data Preparation Service] historical_scraper.py:102 - get_by_symbol() - Datasets are stored on "indonesia_stocks/historicals/EMTK.csv"
2025-05-19 20:39:34 [PID:10379] [TID:MainThread] [INFO] [Data Preparation Service] historical_scraper.py:102 - get_by_symbol() - Datasets are stored on "indonesia_stocks/historicals/SRAJ.csv"
2025-05-19 20:39:35 [PID:10379] [TID:MainThread] [INFO] [Data Preparation Service] historical_scraper.py:102 - get_by_symbol() - Datasets are stored on "indonesia_stocks/historicals/MIKA.csv"
2025-05-19 20:39:38 [PID:10379] [TID:MainThread] [INFO] [Data Preparation Service] historical_scraper.py:102 - get_by_symbol() - Datasets are stored on "indonesia_stocks/historicals/PNBN.csv"
2025-05-19 20:39:40 [PID:10379] [TID:MainThread] [INFO] [Data Preparation Service] historical_scraper.py:102 - get_by_symbol() - Datasets are stored on "indonesia_stocks/historicals/INKP.csv"
2025-05-19 20:39:41 [PID:10379] [TID:MainThread] [INFO] [Data Preparation Service] historical_scraper.py:102 - get_by_symbol() - Datasets are stored on "indonesia_stocks/historicals/SILO.csv"
2025-05-19 20:39:43 [PID:10379] [TID:MainThread] [INFO] [Data Preparation Service] historical_scraper.py:102 - get_by_symbol() - Datasets are stored on "indonesia_stocks/historicals/PTRO.csv"
2025-05-19 20:39:47 [PID:10379] [TID:MainThread] [INFO] [Data Preparation Service] historical_scraper.py:102 - get_by_symbol() - Datasets are stored on "indonesia_stocks/historicals/INCO.csv"
2025-05-19 20:39:49 [PID:10379] [TID:MainThread] [INFO] [Data Preparation Service] historical_scraper.py:102 - get_by_symbol() - Datasets are stored on "indonesia_stocks/historicals/NISP.csv"
2025-05-19 20:39:50 [PID:10379] [TID:MainThread] [INFO] [Data Preparation Service] historical_scraper.py:102 - get_by_symbol() - Datasets are stored on "indonesia_stocks/historicals/TCPI.csv"
2025-05-19 20:39:52 [PID:10379] [TID:MainThread] [INFO] [Data Preparation Service] historical_scraper.py:102 - get_by_symbol() - Datasets are stored on "indonesia_stocks/historicals/MSIN.csv"
2025-05-19 20:39:56 [PID:10379] [TID:MainThread] [INFO] [Data Preparation Service] historical_scraper.py:102 - get_by_symbol() - Datasets are stored on "indonesia_stocks/historicals/MEDC.csv"
2025-05-19 20:39:57 [PID:10379] [TID:MainThread] [INFO] [Data Preparation Service] historical_scraper.py:102 - get_by_symbol() - Datasets are stored on "indonesia_stocks/historicals/FILM.csv"
2025-05-19 20:39:59 [PID:10379] [TID:MainThread] [INFO] [Data Preparation Service] historical_scraper.py:102 - get_by_symbol() - Datasets are stored on "indonesia_stocks/historicals/ARTO.csv"
2025-05-19 20:40:01 [PID:10379] [TID:MainThread] [INFO] [Data Preparation Service] historical_scraper.py:102 - get_by_symbol() - Datasets are stored on "indonesia_stocks/historicals/BINA.csv"
2025-05-19 20:40:04 [PID:10379] [TID:MainThread] [INFO] [Data Preparation Service] historical_scraper.py:102 - get_by_symbol() - Datasets are stored on "indonesia_stocks/historicals/AKRA.csv"
2025-05-19 20:40:08 [PID:10379] [TID:MainThread] [INFO] [Data Preparation Service] historical_scraper.py:102 - get_by_symbol() - Datasets are stored on "indonesia_stocks/historicals/ITMG.csv"
YF.download() has changed argument auto_adjust default to True
