---------------------------------------------------------
------------------ [ Iteration - 1 ] ------------------
---------------------------------------------------------
/mnt/f/projects/1. bachelor_thesis/thesis_forecasting_dataprep/venv/ubuntu/lib/python3.11/site-packages/numpy/_core/getlimits.py:551: UserWarning: Signature b'\x00\xd0\xcc\xcc\xcc\xcc\xcc\xcc\xfb\xbf\x00\x00\x00\x00\x00\x00' for <class 'numpy.longdouble'> does not match any known type: falling back to type probe function.
This warnings indicates broken support for the dtype!
  machar = _get_machar(dtype)
2025-05-28 23:23:24 [PID:482] [TID:MainThread] [INFO] [Data Preparation Service] main.py:33 - run_pipeline() - "indonesia_stocks/infographic_stocks.csv" already exists.
[*********************100%***********************]  1 of 1 completed
2025-05-28 23:23:25 [PID:482] [TID:MainThread] [INFO] [Data Preparation Service] main.py:48 - run_pipeline() - [ SAVED ] Datasets are stored on "indonesia_stocks/historicals/BBCA.csv"
2025-05-28 23:23:25 [PID:482] [TID:MainThread] [ERROR] [Data Preparation Service] main.py:48 - run_pipeline() - Expected dict, got tuple BBCA.JK
2025-05-28 23:23:25 [PID:482] [TID:MainThread] [ERROR] [Data Preparation Service] main.py:48 - run_pipeline() - Expected dict, got tuple
YF.download() has changed argument auto_adjust default to True
---------------------------------------------------------
-------------------- [ Historicals ] --------------------
---------------------------------------------------------
total 2116
drwxrwxrwx 1 hanxzo hanxzo  4096 May 16 03:19 .
drwxrwxrwx 1 hanxzo hanxzo  4096 May 20 22:53 ..
-rwxrwxrwx 1 hanxzo hanxzo 49174 May 28 22:57 ADRO.csv
-rwxrwxrwx 1 hanxzo hanxzo 52804 May 28 22:59 AKRA.csv
-rwxrwxrwx 1 hanxzo hanxzo 41879 May 28 22:56 AMRT.csv
-rwxrwxrwx 1 hanxzo hanxzo 42144 May 28 22:57 ANTM.csv
-rwxrwxrwx 1 hanxzo hanxzo 27032 May 28 22:59 ARTO.csv
-rwxrwxrwx 1 hanxzo hanxzo 50350 May 28 22:56 ASII.csv
-rwxrwxrwx 1 hanxzo hanxzo 47851 May 28 23:23 BBCA.csv
-rwxrwxrwx 1 hanxzo hanxzo 50018 May 28 22:56 BBNI.csv
-rwxrwxrwx 1 hanxzo hanxzo 50037 May 28 22:56 BBRI.csv
-rwxrwxrwx 1 hanxzo hanxzo 25770 May 28 22:59 BINA.csv
-rwxrwxrwx 1 hanxzo hanxzo 49485 May 28 22:57 BNLI.csv
-rwxrwxrwx 1 hanxzo hanxzo 52703 May 28 22:56 BRIS.csv
-rwxrwxrwx 1 hanxzo hanxzo 25484 May 28 22:57 BRMS.csv
-rwxrwxrwx 1 hanxzo hanxzo 42341 May 28 22:57 BRPT.csv
-rwxrwxrwx 1 hanxzo hanxzo 24864 May 28 22:57 BUMI.csv
-rwxrwxrwx 1 hanxzo hanxzo 41469 May 28 22:56 BYAN.csv
-rwxrwxrwx 1 hanxzo hanxzo 24386 May 28 22:57 CASA.csv
-rwxrwxrwx 1 hanxzo hanxzo 40392 May 28 22:57 CPIN.csv
-rwxrwxrwx 1 hanxzo hanxzo 25229 May 28 22:56 DNET.csv
-rwxrwxrwx 1 hanxzo hanxzo 26516 May 28 22:56 DSSA.csv
-rwxrwxrwx 1 hanxzo hanxzo 51548 May 28 22:57 EMTK.csv
-rwxrwxrwx 1 hanxzo hanxzo 51083 May 28 22:57 EXCL.csv
-rwxrwxrwx 1 hanxzo hanxzo 42186 May 28 22:58 FILM.csv
-rwxrwxrwx 1 hanxzo hanxzo 48967 May 28 22:57 GEMS.csv
-rwxrwxrwx 1 hanxzo hanxzo 42544 May 28 22:56 ICBP.csv
-rwxrwxrwx 1 hanxzo hanxzo 50854 May 28 22:58 INCO.csv
-rwxrwxrwx 1 hanxzo hanxzo 41311 May 28 22:57 INDF.csv
-rwxrwxrwx 1 hanxzo hanxzo 40842 May 28 22:57 INKP.csv
-rwxrwxrwx 1 hanxzo hanxzo 49384 May 28 22:59 ITMG.csv
-rwxrwxrwx 1 hanxzo hanxzo 40370 May 28 22:57 KLBF.csv
-rwxrwxrwx 1 hanxzo hanxzo 37976 May 28 22:57 MASA.csv
-rwxrwxrwx 1 hanxzo hanxzo 27304 May 28 22:57 MDKA.csv
-rwxrwxrwx 1 hanxzo hanxzo 46510 May 28 22:58 MEDC.csv
-rwxrwxrwx 1 hanxzo hanxzo 47078 May 28 22:57 MEGA.csv
-rwxrwxrwx 1 hanxzo hanxzo 41874 May 28 22:57 MIKA.csv
-rwxrwxrwx 1 hanxzo hanxzo 49899 May 28 22:57 MLPT.csv
-rwxrwxrwx 1 hanxzo hanxzo 24635 May 28 22:58 MSIN.csv
-rwxrwxrwx 1 hanxzo hanxzo 49115 May 28 22:59 NISP.csv
-rwxrwxrwx 1 hanxzo hanxzo 51260 May 28 22:56 PANI.csv
-rwxrwxrwx 1 hanxzo hanxzo 26725 May 28 22:57 PNBN.csv
-rwxrwxrwx 1 hanxzo hanxzo 51720 May 28 22:57 PTRO.csv
-rwxrwxrwx 1 hanxzo hanxzo 41581 May 28 22:57 SILO.csv
-rwxrwxrwx 1 hanxzo hanxzo 26673 May 28 22:56 SMMA.csv
-rwxrwxrwx 1 hanxzo hanxzo 24834 May 28 22:57 SRAJ.csv
-rwxrwxrwx 1 hanxzo hanxzo 25579 May 28 22:57 SUPR.csv
-rwxrwxrwx 1 hanxzo hanxzo 47632 May 28 22:57 TBIG.csv
-rwxrwxrwx 1 hanxzo hanxzo 40922 May 28 22:58 TCPI.csv
-rwxrwxrwx 1 hanxzo hanxzo 41107 May 28 22:56 TPIA.csv
-rwxrwxrwx 1 hanxzo hanxzo 49872 May 28 22:57 UNTR.csv
-rwxrwxrwx 1 hanxzo hanxzo 47228 May 28 22:57 UNVR.csv
---------------------------------------------------------
--------------------- [ Indicators ] --------------------
---------------------------------------------------------
total 1800
drwxrwxrwx 1 hanxzo hanxzo  4096 May 20 17:01 .
drwxrwxrwx 1 hanxzo hanxzo  4096 May 20 22:53 ..
-rwxrwxrwx 1 hanxzo hanxzo 34981 May 28 23:23 ADRO.csv
-rwxrwxrwx 1 hanxzo hanxzo 35113 May 28 23:23 AKRA.csv
-rwxrwxrwx 1 hanxzo hanxzo 35087 May 28 23:23 AMRT.csv
-rwxrwxrwx 1 hanxzo hanxzo 35113 May 28 23:23 ANTM.csv
-rwxrwxrwx 1 hanxzo hanxzo 35208 May 28 23:23 ARTO.csv
-rwxrwxrwx 1 hanxzo hanxzo 35126 May 28 23:23 ASII.csv
-rwxrwxrwx 1 hanxzo hanxzo 35055 May 28 23:23 BBCA.csv
-rwxrwxrwx 1 hanxzo hanxzo 35031 May 28 23:23 BBNI.csv
-rwxrwxrwx 1 hanxzo hanxzo 34992 May 28 23:23 BBRI.csv
-rwxrwxrwx 1 hanxzo hanxzo 35006 May 28 23:23 BINA.csv
-rwxrwxrwx 1 hanxzo hanxzo 35068 May 28 23:23 BNLI.csv
-rwxrwxrwx 1 hanxzo hanxzo 34895 May 28 23:23 BRIS.csv
-rwxrwxrwx 1 hanxzo hanxzo 35075 May 28 23:23 BRMS.csv
-rwxrwxrwx 1 hanxzo hanxzo 35111 May 28 23:23 BRPT.csv
-rwxrwxrwx 1 hanxzo hanxzo 35199 May 28 23:23 BUMI.csv
-rwxrwxrwx 1 hanxzo hanxzo 35084 May 28 23:23 BYAN.csv
-rwxrwxrwx 1 hanxzo hanxzo 35085 May 28 23:23 CASA.csv
-rwxrwxrwx 1 hanxzo hanxzo 35137 May 28 23:23 CPIN.csv
-rwxrwxrwx 1 hanxzo hanxzo 34949 May 28 23:23 DNET.csv
-rwxrwxrwx 1 hanxzo hanxzo 34859 May 28 23:23 DSSA.csv
-rwxrwxrwx 1 hanxzo hanxzo 35190 May 28 23:23 EMTK.csv
-rwxrwxrwx 1 hanxzo hanxzo 35006 May 28 23:23 EXCL.csv
-rwxrwxrwx 1 hanxzo hanxzo 35063 May 28 23:23 FILM.csv
-rwxrwxrwx 1 hanxzo hanxzo 35026 May 28 23:23 GEMS.csv
-rwxrwxrwx 1 hanxzo hanxzo 35092 May 28 23:23 ICBP.csv
-rwxrwxrwx 1 hanxzo hanxzo 35299 May 28 23:23 INCO.csv
-rwxrwxrwx 1 hanxzo hanxzo 35074 May 28 23:23 INDF.csv
-rwxrwxrwx 1 hanxzo hanxzo 35218 May 28 23:23 INKP.csv
-rwxrwxrwx 1 hanxzo hanxzo 34982 May 28 23:23 ITMG.csv
-rwxrwxrwx 1 hanxzo hanxzo 35288 May 28 23:23 KLBF.csv
-rwxrwxrwx 1 hanxzo hanxzo 35078 May 28 23:23 MASA.csv
-rwxrwxrwx 1 hanxzo hanxzo 35221 May 28 23:23 MDKA.csv
-rwxrwxrwx 1 hanxzo hanxzo 35077 May 28 23:23 MEDC.csv
-rwxrwxrwx 1 hanxzo hanxzo 35160 May 28 23:23 MEGA.csv
-rwxrwxrwx 1 hanxzo hanxzo 35113 May 28 23:23 MIKA.csv
-rwxrwxrwx 1 hanxzo hanxzo 35109 May 28 23:23 MLPT.csv
-rwxrwxrwx 1 hanxzo hanxzo 35322 May 28 23:23 MSIN.csv
-rwxrwxrwx 1 hanxzo hanxzo 35008 May 28 23:23 NISP.csv
-rwxrwxrwx 1 hanxzo hanxzo 34841 May 28 23:23 PANI.csv
-rwxrwxrwx 1 hanxzo hanxzo 35126 May 28 23:23 PNBN.csv
-rwxrwxrwx 1 hanxzo hanxzo 34980 May 28 23:23 PTRO.csv
-rwxrwxrwx 1 hanxzo hanxzo 34938 May 28 23:23 SILO.csv
-rwxrwxrwx 1 hanxzo hanxzo 34958 May 28 23:23 SMMA.csv
-rwxrwxrwx 1 hanxzo hanxzo 34942 May 28 23:23 SRAJ.csv
-rwxrwxrwx 1 hanxzo hanxzo 34239 May 28 23:23 SUPR.csv
-rwxrwxrwx 1 hanxzo hanxzo 35155 May 28 23:23 TBIG.csv
-rwxrwxrwx 1 hanxzo hanxzo 35198 May 28 23:23 TCPI.csv
-rwxrwxrwx 1 hanxzo hanxzo 34984 May 28 23:23 TPIA.csv
-rwxrwxrwx 1 hanxzo hanxzo 35024 May 28 23:23 UNTR.csv
-rwxrwxrwx 1 hanxzo hanxzo 35299 May 28 23:23 UNVR.csv
---------------------------------------------------------
--------------------- [ Min-Max ] --------------------
---------------------------------------------------------
total 0
drwxrwxrwx 1 hanxzo hanxzo 4096 May 21 00:05 .
drwxrwxrwx 1 hanxzo hanxzo 4096 May 20 22:53 ..
-rwxrwxrwx 1 hanxzo hanxzo  290 May 28 23:23 ADRO.json
-rwxrwxrwx 1 hanxzo hanxzo  284 May 28 23:23 AKRA.json
-rwxrwxrwx 1 hanxzo hanxzo  268 May 28 23:23 AMRT.json
-rwxrwxrwx 1 hanxzo hanxzo  268 May 28 23:23 ANTM.json
-rwxrwxrwx 1 hanxzo hanxzo  267 May 28 23:23 ARTO.json
-rwxrwxrwx 1 hanxzo hanxzo  286 May 28 23:23 ASII.json
-rwxrwxrwx 1 hanxzo hanxzo  286 May 28 23:23 BBCA.json
-rwxrwxrwx 1 hanxzo hanxzo  292 May 28 23:23 BBNI.json
-rwxrwxrwx 1 hanxzo hanxzo  289 May 28 23:23 BBRI.json
-rwxrwxrwx 1 hanxzo hanxzo  261 May 28 23:23 BINA.json
-rwxrwxrwx 1 hanxzo hanxzo  286 May 28 23:23 BNLI.json
-rwxrwxrwx 1 hanxzo hanxzo  290 May 28 23:23 BRIS.json
-rwxrwxrwx 1 hanxzo hanxzo  270 May 28 23:23 BRMS.json
-rwxrwxrwx 1 hanxzo hanxzo  278 May 28 23:23 BRPT.json
-rwxrwxrwx 1 hanxzo hanxzo  266 May 28 23:23 BUMI.json
-rwxrwxrwx 1 hanxzo hanxzo  280 May 28 23:23 BYAN.json
-rwxrwxrwx 1 hanxzo hanxzo  259 May 28 23:23 CASA.json
-rwxrwxrwx 1 hanxzo hanxzo  270 May 28 23:23 CPIN.json
-rwxrwxrwx 1 hanxzo hanxzo  262 May 28 23:23 DNET.json
-rwxrwxrwx 1 hanxzo hanxzo  264 May 28 23:23 DSSA.json
-rwxrwxrwx 1 hanxzo hanxzo  289 May 28 23:23 EMTK.json
-rwxrwxrwx 1 hanxzo hanxzo  290 May 28 23:23 EXCL.json
-rwxrwxrwx 1 hanxzo hanxzo  285 May 28 23:23 FILM.json
-rwxrwxrwx 1 hanxzo hanxzo  279 May 28 23:23 GEMS.json
-rwxrwxrwx 1 hanxzo hanxzo  276 May 28 23:23 ICBP.json
-rwxrwxrwx 1 hanxzo hanxzo  290 May 28 23:23 INCO.json
-rwxrwxrwx 1 hanxzo hanxzo  276 May 28 23:23 INDF.json
-rwxrwxrwx 1 hanxzo hanxzo  270 May 28 23:23 INKP.json
-rwxrwxrwx 1 hanxzo hanxzo  276 May 28 23:23 ITMG.json
-rwxrwxrwx 1 hanxzo hanxzo  279 May 28 23:23 KLBF.json
-rwxrwxrwx 1 hanxzo hanxzo  269 May 28 23:23 MASA.json
-rwxrwxrwx 1 hanxzo hanxzo  270 May 28 23:23 MDKA.json
-rwxrwxrwx 1 hanxzo hanxzo  290 May 28 23:23 MEDC.json
-rwxrwxrwx 1 hanxzo hanxzo  280 May 28 23:23 MEGA.json
-rwxrwxrwx 1 hanxzo hanxzo  269 May 28 23:23 MIKA.json
-rwxrwxrwx 1 hanxzo hanxzo  279 May 28 23:23 MLPT.json
-rwxrwxrwx 1 hanxzo hanxzo  263 May 28 23:23 MSIN.json
-rwxrwxrwx 1 hanxzo hanxzo  276 May 28 23:23 NISP.json
-rwxrwxrwx 1 hanxzo hanxzo  289 May 28 23:23 PANI.json
-rwxrwxrwx 1 hanxzo hanxzo  268 May 28 23:23 PNBN.json
-rwxrwxrwx 1 hanxzo hanxzo  287 May 28 23:23 PTRO.json
-rwxrwxrwx 1 hanxzo hanxzo  280 May 28 23:23 SILO.json
-rwxrwxrwx 1 hanxzo hanxzo  263 May 28 23:23 SMMA.json
-rwxrwxrwx 1 hanxzo hanxzo  261 May 28 23:23 SRAJ.json
-rwxrwxrwx 1 hanxzo hanxzo  267 May 28 23:23 SUPR.json
-rwxrwxrwx 1 hanxzo hanxzo  275 May 28 23:23 TBIG.json
-rwxrwxrwx 1 hanxzo hanxzo  275 May 28 23:23 TCPI.json
-rwxrwxrwx 1 hanxzo hanxzo  274 May 28 23:23 TPIA.json
-rwxrwxrwx 1 hanxzo hanxzo  280 May 28 23:23 UNTR.json
-rwxrwxrwx 1 hanxzo hanxzo  271 May 28 23:23 UNVR.json
