---------------------------------------------------------
------------------ [ Iteration - 1 ] ---------------------
---------------------------------------------------------
/mnt/f/projects/1. bachelor_thesis/thesis_forecasting_dataprep/venv/ubuntu/lib/python3.11/site-packages/numpy/_core/getlimits.py:551: UserWarning: Signature b'\x00\xd0\xcc\xcc\xcc\xcc\xcc\xcc\xfb\xbf\x00\x00\x00\x00\x00\x00' for <class 'numpy.longdouble'> does not match any known type: falling back to type probe function.
This warnings indicates broken support for the dtype!
  machar = _get_machar(dtype)
2025-05-19 19:47:20 [PID:10060] [TID:MainThread] [INFO] [Data Preparation Service] infographic_scraper.py:283 - get_stocks_infographic() - "indonesia_stocks/infographic_stocks.csv" already exists.

1 Failed download:
['BBCA.JK']: ConnectionError('Failed to perform, curl: (55) Send failure: Broken pipe. See https://curl.se/libcurl/c/libcurl-errors.html first for more details.')
2025-05-19 19:47:49 [PID:10060] [TID:MainThread] [INFO] [Data Preparation Service] historical_scraper.py:100 - get_by_symbol() - Datasets are stored on "indonesia_stocks/historicals/BBCA.csv"

1 Failed download:
['TPIA.JK']: HTTPError('Failed to perform, curl: (16) . See https://curl.se/libcurl/c/libcurl-errors.html first for more details.')
2025-05-19 19:48:19 [PID:10060] [TID:MainThread] [INFO] [Data Preparation Service] historical_scraper.py:100 - get_by_symbol() - Datasets are stored on "indonesia_stocks/historicals/TPIA.csv"

1 Failed download:
['BYAN.JK']: SSLError('Failed to perform, curl: (35) BoringSSL SSL_connect: SSL_ERROR_SYSCALL in connection to fc.yahoo.com:443 . See https://curl.se/libcurl/c/libcurl-errors.html first for more details.')
2025-05-19 19:48:39 [PID:10060] [TID:MainThread] [INFO] [Data Preparation Service] historical_scraper.py:100 - get_by_symbol() - Datasets are stored on "indonesia_stocks/historicals/BYAN.csv"
2025-05-19 19:48:49 [PID:10060] [TID:MainThread] [INFO] [Data Preparation Service] historical_scraper.py:100 - get_by_symbol() - Datasets are stored on "indonesia_stocks/historicals/BBRI.csv"
2025-05-19 19:48:51 [PID:10060] [TID:MainThread] [INFO] [Data Preparation Service] historical_scraper.py:100 - get_by_symbol() - Datasets are stored on "indonesia_stocks/historicals/DSSA.csv"
2025-05-19 19:48:58 [PID:10060] [TID:MainThread] [INFO] [Data Preparation Service] historical_scraper.py:100 - get_by_symbol() - Datasets are stored on "indonesia_stocks/historicals/PANI.csv"
2025-05-19 19:49:04 [PID:10060] [TID:MainThread] [INFO] [Data Preparation Service] historical_scraper.py:100 - get_by_symbol() - Datasets are stored on "indonesia_stocks/historicals/ASII.csv"
2025-05-19 19:49:07 [PID:10060] [TID:MainThread] [INFO] [Data Preparation Service] historical_scraper.py:100 - get_by_symbol() - Datasets are stored on "indonesia_stocks/historicals/BBNI.csv"
2025-05-19 19:49:13 [PID:10060] [TID:MainThread] [INFO] [Data Preparation Service] historical_scraper.py:100 - get_by_symbol() - Datasets are stored on "indonesia_stocks/historicals/DNET.csv"

1 Failed download:
['ICBP.JK']: Timeout('Failed to perform, curl: (28) Operation timed out after 10001 milliseconds with 5815 bytes received. See https://curl.se/libcurl/c/libcurl-errors.html first for more details.')
2025-05-19 19:49:25 [PID:10060] [TID:MainThread] [INFO] [Data Preparation Service] historical_scraper.py:100 - get_by_symbol() - Datasets are stored on "indonesia_stocks/historicals/ICBP.csv"
2025-05-19 19:49:32 [PID:10060] [TID:MainThread] [INFO] [Data Preparation Service] historical_scraper.py:100 - get_by_symbol() - Datasets are stored on "indonesia_stocks/historicals/BRIS.csv"
2025-05-19 19:49:35 [PID:10060] [TID:MainThread] [INFO] [Data Preparation Service] historical_scraper.py:100 - get_by_symbol() - Datasets are stored on "indonesia_stocks/historicals/SMMA.csv"
2025-05-19 19:49:38 [PID:10060] [TID:MainThread] [INFO] [Data Preparation Service] historical_scraper.py:100 - get_by_symbol() - Datasets are stored on "indonesia_stocks/historicals/AMRT.csv"
2025-05-19 19:49:42 [PID:10060] [TID:MainThread] [INFO] [Data Preparation Service] historical_scraper.py:100 - get_by_symbol() - Datasets are stored on "indonesia_stocks/historicals/BNLI.csv"
2025-05-19 19:49:45 [PID:10060] [TID:MainThread] [INFO] [Data Preparation Service] historical_scraper.py:100 - get_by_symbol() - Datasets are stored on "indonesia_stocks/historicals/CPIN.csv"
2025-05-19 19:49:49 [PID:10060] [TID:MainThread] [INFO] [Data Preparation Service] historical_scraper.py:100 - get_by_symbol() - Datasets are stored on "indonesia_stocks/historicals/UNTR.csv"
2025-05-19 19:49:53 [PID:10060] [TID:MainThread] [INFO] [Data Preparation Service] historical_scraper.py:100 - get_by_symbol() - Datasets are stored on "indonesia_stocks/historicals/BRPT.csv"
2025-05-19 19:49:55 [PID:10060] [TID:MainThread] [INFO] [Data Preparation Service] historical_scraper.py:100 - get_by_symbol() - Datasets are stored on "indonesia_stocks/historicals/INDF.csv"
2025-05-19 19:49:59 [PID:10060] [TID:MainThread] [INFO] [Data Preparation Service] historical_scraper.py:100 - get_by_symbol() - Datasets are stored on "indonesia_stocks/historicals/UNVR.csv"
2025-05-19 19:50:02 [PID:10060] [TID:MainThread] [INFO] [Data Preparation Service] historical_scraper.py:100 - get_by_symbol() - Datasets are stored on "indonesia_stocks/historicals/KLBF.csv"
2025-05-19 19:50:06 [PID:10060] [TID:MainThread] [INFO] [Data Preparation Service] historical_scraper.py:100 - get_by_symbol() - Datasets are stored on "indonesia_stocks/historicals/ANTM.csv"
2025-05-19 19:50:12 [PID:10060] [TID:MainThread] [INFO] [Data Preparation Service] historical_scraper.py:100 - get_by_symbol() - Datasets are stored on "indonesia_stocks/historicals/MLPT.csv"
2025-05-19 19:50:21 [PID:10060] [TID:MainThread] [INFO] [Data Preparation Service] historical_scraper.py:100 - get_by_symbol() - Datasets are stored on "indonesia_stocks/historicals/MASA.csv"

1 Failed download:
['ADRO.JK']: Timeout('Failed to perform, curl: (28) Operation timed out after 10001 milliseconds with 41846 bytes received. See https://curl.se/libcurl/c/libcurl-errors.html first for more details.')
2025-05-19 19:50:32 [PID:10060] [TID:MainThread] [INFO] [Data Preparation Service] historical_scraper.py:100 - get_by_symbol() - Datasets are stored on "indonesia_stocks/historicals/ADRO.csv"
2025-05-19 19:50:43 [PID:10060] [TID:MainThread] [INFO] [Data Preparation Service] historical_scraper.py:100 - get_by_symbol() - Datasets are stored on "indonesia_stocks/historicals/BRMS.csv"
2025-05-19 19:50:47 [PID:10060] [TID:MainThread] [INFO] [Data Preparation Service] historical_scraper.py:100 - get_by_symbol() - Datasets are stored on "indonesia_stocks/historicals/GEMS.csv"

1 Failed download:
['SUPR.JK']: Timeout('Failed to perform, curl: (28) Operation timed out after 10001 milliseconds with 4521 bytes received. See https://curl.se/libcurl/c/libcurl-errors.html first for more details.')
2025-05-19 19:50:58 [PID:10060] [TID:MainThread] [INFO] [Data Preparation Service] historical_scraper.py:100 - get_by_symbol() - Datasets are stored on "indonesia_stocks/historicals/SUPR.csv"
2025-05-19 19:51:01 [PID:10060] [TID:MainThread] [INFO] [Data Preparation Service] historical_scraper.py:100 - get_by_symbol() - Datasets are stored on "indonesia_stocks/historicals/CASA.csv"
2025-05-19 19:51:04 [PID:10060] [TID:MainThread] [INFO] [Data Preparation Service] historical_scraper.py:100 - get_by_symbol() - Datasets are stored on "indonesia_stocks/historicals/TBIG.csv"
2025-05-19 19:51:07 [PID:10060] [TID:MainThread] [INFO] [Data Preparation Service] historical_scraper.py:100 - get_by_symbol() - Datasets are stored on "indonesia_stocks/historicals/MDKA.csv"
2025-05-19 19:51:10 [PID:10060] [TID:MainThread] [INFO] [Data Preparation Service] historical_scraper.py:100 - get_by_symbol() - Datasets are stored on "indonesia_stocks/historicals/MEGA.csv"
2025-05-19 19:51:15 [PID:10060] [TID:MainThread] [INFO] [Data Preparation Service] historical_scraper.py:100 - get_by_symbol() - Datasets are stored on "indonesia_stocks/historicals/BUMI.csv"
2025-05-19 19:51:18 [PID:10060] [TID:MainThread] [INFO] [Data Preparation Service] historical_scraper.py:100 - get_by_symbol() - Datasets are stored on "indonesia_stocks/historicals/EXCL.csv"
2025-05-19 19:51:20 [PID:10060] [TID:MainThread] [INFO] [Data Preparation Service] historical_scraper.py:100 - get_by_symbol() - Datasets are stored on "indonesia_stocks/historicals/EMTK.csv"
2025-05-19 19:51:23 [PID:10060] [TID:MainThread] [INFO] [Data Preparation Service] historical_scraper.py:100 - get_by_symbol() - Datasets are stored on "indonesia_stocks/historicals/SRAJ.csv"

1 Failed download:
['MIKA.JK']: Timeout('Failed to perform, curl: (28) Operation timed out after 10001 milliseconds with 39255 bytes received. See https://curl.se/libcurl/c/libcurl-errors.html first for more details.')
2025-05-19 19:51:35 [PID:10060] [TID:MainThread] [INFO] [Data Preparation Service] historical_scraper.py:100 - get_by_symbol() - Datasets are stored on "indonesia_stocks/historicals/MIKA.csv"

1 Failed download:
['PNBN.JK']: Timeout('Failed to perform, curl: (28) Connection timed out after 10002 milliseconds. See https://curl.se/libcurl/c/libcurl-errors.html first for more details.')
2025-05-19 19:51:50 [PID:10060] [TID:MainThread] [INFO] [Data Preparation Service] historical_scraper.py:100 - get_by_symbol() - Datasets are stored on "indonesia_stocks/historicals/PNBN.csv"

1 Failed download:
['INKP.JK']: DNSError('Failed to perform, curl: (6) Could not resolve host: fc.yahoo.com. See https://curl.se/libcurl/c/libcurl-errors.html first for more details.')
2025-05-19 19:51:55 [PID:10060] [TID:MainThread] [INFO] [Data Preparation Service] historical_scraper.py:100 - get_by_symbol() - Datasets are stored on "indonesia_stocks/historicals/INKP.csv"

1 Failed download:
['SILO.JK']: DNSError('Failed to perform, curl: (6) Could not resolve host: fc.yahoo.com. See https://curl.se/libcurl/c/libcurl-errors.html first for more details.')
2025-05-19 19:51:55 [PID:10060] [TID:MainThread] [INFO] [Data Preparation Service] historical_scraper.py:100 - get_by_symbol() - Datasets are stored on "indonesia_stocks/historicals/SILO.csv"

1 Failed download:
['PTRO.JK']: DNSError('Failed to perform, curl: (6) Could not resolve host: fc.yahoo.com. See https://curl.se/libcurl/c/libcurl-errors.html first for more details.')
2025-05-19 19:52:01 [PID:10060] [TID:MainThread] [INFO] [Data Preparation Service] historical_scraper.py:100 - get_by_symbol() - Datasets are stored on "indonesia_stocks/historicals/PTRO.csv"

1 Failed download:
['INCO.JK']: DNSError('Failed to perform, curl: (6) Could not resolve host: fc.yahoo.com. See https://curl.se/libcurl/c/libcurl-errors.html first for more details.')
2025-05-19 19:52:01 [PID:10060] [TID:MainThread] [INFO] [Data Preparation Service] historical_scraper.py:100 - get_by_symbol() - Datasets are stored on "indonesia_stocks/historicals/INCO.csv"

1 Failed download:
['NISP.JK']: DNSError('Failed to perform, curl: (6) Could not resolve host: fc.yahoo.com. See https://curl.se/libcurl/c/libcurl-errors.html first for more details.')
2025-05-19 19:52:01 [PID:10060] [TID:MainThread] [INFO] [Data Preparation Service] historical_scraper.py:100 - get_by_symbol() - Datasets are stored on "indonesia_stocks/historicals/NISP.csv"

1 Failed download:
['TCPI.JK']: DNSError('Failed to perform, curl: (6) Could not resolve host: fc.yahoo.com. See https://curl.se/libcurl/c/libcurl-errors.html first for more details.')
2025-05-19 19:52:01 [PID:10060] [TID:MainThread] [INFO] [Data Preparation Service] historical_scraper.py:100 - get_by_symbol() - Datasets are stored on "indonesia_stocks/historicals/TCPI.csv"

1 Failed download:
['MSIN.JK']: DNSError('Failed to perform, curl: (6) Could not resolve host: fc.yahoo.com. See https://curl.se/libcurl/c/libcurl-errors.html first for more details.')
2025-05-19 19:52:01 [PID:10060] [TID:MainThread] [INFO] [Data Preparation Service] historical_scraper.py:100 - get_by_symbol() - Datasets are stored on "indonesia_stocks/historicals/MSIN.csv"

1 Failed download:
['MEDC.JK']: DNSError('Failed to perform, curl: (6) Could not resolve host: fc.yahoo.com. See https://curl.se/libcurl/c/libcurl-errors.html first for more details.')
2025-05-19 19:52:01 [PID:10060] [TID:MainThread] [INFO] [Data Preparation Service] historical_scraper.py:100 - get_by_symbol() - Datasets are stored on "indonesia_stocks/historicals/MEDC.csv"

1 Failed download:
['FILM.JK']: DNSError('Failed to perform, curl: (6) Could not resolve host: fc.yahoo.com. See https://curl.se/libcurl/c/libcurl-errors.html first for more details.')
2025-05-19 19:52:01 [PID:10060] [TID:MainThread] [INFO] [Data Preparation Service] historical_scraper.py:100 - get_by_symbol() - Datasets are stored on "indonesia_stocks/historicals/FILM.csv"

1 Failed download:
['ARTO.JK']: DNSError('Failed to perform, curl: (6) Could not resolve host: fc.yahoo.com. See https://curl.se/libcurl/c/libcurl-errors.html first for more details.')
2025-05-19 19:52:01 [PID:10060] [TID:MainThread] [INFO] [Data Preparation Service] historical_scraper.py:100 - get_by_symbol() - Datasets are stored on "indonesia_stocks/historicals/ARTO.csv"

1 Failed download:
['BINA.JK']: DNSError('Failed to perform, curl: (6) Could not resolve host: fc.yahoo.com. See https://curl.se/libcurl/c/libcurl-errors.html first for more details.')
2025-05-19 19:52:02 [PID:10060] [TID:MainThread] [INFO] [Data Preparation Service] historical_scraper.py:100 - get_by_symbol() - Datasets are stored on "indonesia_stocks/historicals/BINA.csv"

1 Failed download:
['AKRA.JK']: DNSError('Failed to perform, curl: (6) Could not resolve host: fc.yahoo.com. See https://curl.se/libcurl/c/libcurl-errors.html first for more details.')
2025-05-19 19:52:02 [PID:10060] [TID:MainThread] [INFO] [Data Preparation Service] historical_scraper.py:100 - get_by_symbol() - Datasets are stored on "indonesia_stocks/historicals/AKRA.csv"

1 Failed download:
['ITMG.JK']: DNSError('Failed to perform, curl: (6) Could not resolve host: fc.yahoo.com. See https://curl.se/libcurl/c/libcurl-errors.html first for more details.')
2025-05-19 19:52:02 [PID:10060] [TID:MainThread] [INFO] [Data Preparation Service] historical_scraper.py:100 - get_by_symbol() - Datasets are stored on "indonesia_stocks/historicals/ITMG.csv"
YF.download() has changed argument auto_adjust default to True
