---------------------------------------------------------
------------------ [ Iteration - 1 ] ---------------------
---------------------------------------------------------
/mnt/f/projects/1. bachelor_thesis/thesis_forecasting_dataprep/venv/ubuntu/lib/python3.11/site-packages/numpy/_core/getlimits.py:551: UserWarning: Signature b'\x00\xd0\xcc\xcc\xcc\xcc\xcc\xcc\xfb\xbf\x00\x00\x00\x00\x00\x00' for <class 'numpy.longdouble'> does not match any known type: falling back to type probe function.
This warnings indicates broken support for the dtype!
  machar = _get_machar(dtype)
2025-05-19 22:26:18 [PID:10544] [TID:MainThread] [INFO] [Data Preparation Service] infographic_scraper.py:283 - get_stocks_infographic() - "indonesia_stocks/infographic_stocks.csv" already exists.
2025-05-19 22:26:30 [PID:10544] [TID:ThreadPoolExecutor-0_8] [INFO] [Data Preparation Service] historical_scraper.py:129 - get_by_symbol() - Datasets are stored on "indonesia_stocks/historicals/DNET.csv"
2025-05-19 22:26:30 [PID:10544] [TID:ThreadPoolExecutor-0_7] [INFO] [Data Preparation Service] historical_scraper.py:129 - get_by_symbol() - Datasets are stored on "indonesia_stocks/historicals/BBNI.csv"
2025-05-19 22:26:30 [PID:10544] [TID:ThreadPoolExecutor-0_3] [INFO] [Data Preparation Service] historical_scraper.py:129 - get_by_symbol() - Datasets are stored on "indonesia_stocks/historicals/BBRI.csv"
2025-05-19 22:26:31 [PID:10544] [TID:ThreadPoolExecutor-0_14] [INFO] [Data Preparation Service] historical_scraper.py:129 - get_by_symbol() - Datasets are stored on "indonesia_stocks/historicals/CPIN.csv"
2025-05-19 22:26:31 [PID:10544] [TID:ThreadPoolExecutor-0_12] [INFO] [Data Preparation Service] historical_scraper.py:129 - get_by_symbol() - Datasets are stored on "indonesia_stocks/historicals/AMRT.csv"
2025-05-19 22:26:31 [PID:10544] [TID:ThreadPoolExecutor-0_1] [INFO] [Data Preparation Service] historical_scraper.py:129 - get_by_symbol() - Datasets are stored on "indonesia_stocks/historicals/TPIA.csv"
2025-05-19 22:26:31 [PID:10544] [TID:ThreadPoolExecutor-0_0] [INFO] [Data Preparation Service] historical_scraper.py:129 - get_by_symbol() - Datasets are stored on "indonesia_stocks/historicals/BBCA.csv"
2025-05-19 22:26:31 [PID:10544] [TID:ThreadPoolExecutor-0_11] [INFO] [Data Preparation Service] historical_scraper.py:129 - get_by_symbol() - Datasets are stored on "indonesia_stocks/historicals/SMMA.csv"
2025-05-19 22:26:31 [PID:10544] [TID:ThreadPoolExecutor-0_10] [INFO] [Data Preparation Service] historical_scraper.py:129 - get_by_symbol() - Datasets are stored on "indonesia_stocks/historicals/BRIS.csv"
2025-05-19 22:26:31 [PID:10544] [TID:ThreadPoolExecutor-0_24] [INFO] [Data Preparation Service] historical_scraper.py:129 - get_by_symbol() - Datasets are stored on "indonesia_stocks/historicals/BRMS.csv"
2025-05-19 22:26:31 [PID:10544] [TID:ThreadPoolExecutor-0_18] [INFO] [Data Preparation Service] historical_scraper.py:129 - get_by_symbol() - Datasets are stored on "indonesia_stocks/historicals/UNVR.csv"
2025-05-19 22:26:31 [PID:10544] [TID:ThreadPoolExecutor-0_6] [INFO] [Data Preparation Service] historical_scraper.py:129 - get_by_symbol() - Datasets are stored on "indonesia_stocks/historicals/ASII.csv"
2025-05-19 22:26:31 [PID:10544] [TID:ThreadPoolExecutor-0_2] [INFO] [Data Preparation Service] historical_scraper.py:129 - get_by_symbol() - Datasets are stored on "indonesia_stocks/historicals/BYAN.csv"
2025-05-19 22:26:31 [PID:10544] [TID:ThreadPoolExecutor-0_13] [INFO] [Data Preparation Service] historical_scraper.py:129 - get_by_symbol() - Datasets are stored on "indonesia_stocks/historicals/BNLI.csv"
2025-05-19 22:26:31 [PID:10544] [TID:ThreadPoolExecutor-0_5] [INFO] [Data Preparation Service] historical_scraper.py:129 - get_by_symbol() - Datasets are stored on "indonesia_stocks/historicals/PANI.csv"
2025-05-19 22:26:31 [PID:10544] [TID:ThreadPoolExecutor-0_4] [INFO] [Data Preparation Service] historical_scraper.py:129 - get_by_symbol() - Datasets are stored on "indonesia_stocks/historicals/DSSA.csv"
2025-05-19 22:26:31 [PID:10544] [TID:ThreadPoolExecutor-0_21] [INFO] [Data Preparation Service] historical_scraper.py:129 - get_by_symbol() - Datasets are stored on "indonesia_stocks/historicals/MLPT.csv"
2025-05-19 22:26:31 [PID:10544] [TID:ThreadPoolExecutor-0_9] [INFO] [Data Preparation Service] historical_scraper.py:129 - get_by_symbol() - Datasets are stored on "indonesia_stocks/historicals/ICBP.csv"
2025-05-19 22:26:31 [PID:10544] [TID:ThreadPoolExecutor-0_15] [INFO] [Data Preparation Service] historical_scraper.py:129 - get_by_symbol() - Datasets are stored on "indonesia_stocks/historicals/UNTR.csv"
2025-05-19 22:26:31 [PID:10544] [TID:ThreadPoolExecutor-0_17] [INFO] [Data Preparation Service] historical_scraper.py:129 - get_by_symbol() - Datasets are stored on "indonesia_stocks/historicals/INDF.csv"
2025-05-19 22:26:31 [PID:10544] [TID:ThreadPoolExecutor-0_23] [INFO] [Data Preparation Service] historical_scraper.py:129 - get_by_symbol() - Datasets are stored on "indonesia_stocks/historicals/ADRO.csv"
2025-05-19 22:26:31 [PID:10544] [TID:ThreadPoolExecutor-0_19] [INFO] [Data Preparation Service] historical_scraper.py:129 - get_by_symbol() - Datasets are stored on "indonesia_stocks/historicals/KLBF.csv"
2025-05-19 22:26:31 [PID:10544] [TID:ThreadPoolExecutor-0_20] [INFO] [Data Preparation Service] historical_scraper.py:129 - get_by_symbol() - Datasets are stored on "indonesia_stocks/historicals/ANTM.csv"
2025-05-19 22:26:32 [PID:10544] [TID:ThreadPoolExecutor-0_16] [INFO] [Data Preparation Service] historical_scraper.py:129 - get_by_symbol() - Datasets are stored on "indonesia_stocks/historicals/BRPT.csv"
2025-05-19 22:26:32 [PID:10544] [TID:ThreadPoolExecutor-0_8] [INFO] [Data Preparation Service] historical_scraper.py:129 - get_by_symbol() - Datasets are stored on "indonesia_stocks/historicals/GEMS.csv"
2025-05-19 22:26:32 [PID:10544] [TID:ThreadPoolExecutor-0_22] [INFO] [Data Preparation Service] historical_scraper.py:129 - get_by_symbol() - Datasets are stored on "indonesia_stocks/historicals/MASA.csv"
2025-05-19 22:26:33 [PID:10544] [TID:ThreadPoolExecutor-0_7] [INFO] [Data Preparation Service] historical_scraper.py:129 - get_by_symbol() - Datasets are stored on "indonesia_stocks/historicals/SUPR.csv"
2025-05-19 22:26:33 [PID:10544] [TID:ThreadPoolExecutor-0_14] [INFO] [Data Preparation Service] historical_scraper.py:129 - get_by_symbol() - Datasets are stored on "indonesia_stocks/historicals/TBIG.csv"
2025-05-19 22:26:33 [PID:10544] [TID:ThreadPoolExecutor-0_1] [INFO] [Data Preparation Service] historical_scraper.py:129 - get_by_symbol() - Datasets are stored on "indonesia_stocks/historicals/MEGA.csv"
2025-05-19 22:26:33 [PID:10544] [TID:ThreadPoolExecutor-0_11] [INFO] [Data Preparation Service] historical_scraper.py:129 - get_by_symbol() - Datasets are stored on "indonesia_stocks/historicals/EXCL.csv"
2025-05-19 22:26:33 [PID:10544] [TID:ThreadPoolExecutor-0_3] [INFO] [Data Preparation Service] historical_scraper.py:129 - get_by_symbol() - Datasets are stored on "indonesia_stocks/historicals/CASA.csv"
2025-05-19 22:26:34 [PID:10544] [TID:ThreadPoolExecutor-0_0] [INFO] [Data Preparation Service] historical_scraper.py:129 - get_by_symbol() - Datasets are stored on "indonesia_stocks/historicals/BUMI.csv"
2025-05-19 22:26:34 [PID:10544] [TID:ThreadPoolExecutor-0_12] [INFO] [Data Preparation Service] historical_scraper.py:129 - get_by_symbol() - Datasets are stored on "indonesia_stocks/historicals/MDKA.csv"
2025-05-19 22:26:35 [PID:10544] [TID:ThreadPoolExecutor-0_18] [INFO] [Data Preparation Service] historical_scraper.py:129 - get_by_symbol() - Datasets are stored on "indonesia_stocks/historicals/MIKA.csv"
2025-05-19 22:26:35 [PID:10544] [TID:ThreadPoolExecutor-0_10] [INFO] [Data Preparation Service] historical_scraper.py:129 - get_by_symbol() - Datasets are stored on "indonesia_stocks/historicals/EMTK.csv"
2025-05-19 22:26:35 [PID:10544] [TID:ThreadPoolExecutor-0_2] [INFO] [Data Preparation Service] historical_scraper.py:129 - get_by_symbol() - Datasets are stored on "indonesia_stocks/historicals/INKP.csv"
2025-05-19 22:26:36 [PID:10544] [TID:ThreadPoolExecutor-0_4] [INFO] [Data Preparation Service] historical_scraper.py:129 - get_by_symbol() - Datasets are stored on "indonesia_stocks/historicals/INCO.csv"
2025-05-19 22:26:36 [PID:10544] [TID:ThreadPoolExecutor-0_16] [INFO] [Data Preparation Service] historical_scraper.py:129 - get_by_symbol() - Datasets are stored on "indonesia_stocks/historicals/AKRA.csv"
2025-05-19 22:26:36 [PID:10544] [TID:ThreadPoolExecutor-0_20] [INFO] [Data Preparation Service] historical_scraper.py:129 - get_by_symbol() - Datasets are stored on "indonesia_stocks/historicals/BINA.csv"
2025-05-19 22:26:36 [PID:10544] [TID:ThreadPoolExecutor-0_8] [INFO] [Data Preparation Service] historical_scraper.py:129 - get_by_symbol() - Datasets are stored on "indonesia_stocks/historicals/ITMG.csv"
2025-05-19 22:26:36 [PID:10544] [TID:ThreadPoolExecutor-0_5] [INFO] [Data Preparation Service] historical_scraper.py:129 - get_by_symbol() - Datasets are stored on "indonesia_stocks/historicals/PTRO.csv"
2025-05-19 22:26:36 [PID:10544] [TID:ThreadPoolExecutor-0_15] [INFO] [Data Preparation Service] historical_scraper.py:129 - get_by_symbol() - Datasets are stored on "indonesia_stocks/historicals/MSIN.csv"
2025-05-19 22:26:36 [PID:10544] [TID:ThreadPoolExecutor-0_19] [INFO] [Data Preparation Service] historical_scraper.py:129 - get_by_symbol() - Datasets are stored on "indonesia_stocks/historicals/ARTO.csv"
2025-05-19 22:26:36 [PID:10544] [TID:ThreadPoolExecutor-0_13] [INFO] [Data Preparation Service] historical_scraper.py:129 - get_by_symbol() - Datasets are stored on "indonesia_stocks/historicals/SILO.csv"
2025-05-19 22:26:36 [PID:10544] [TID:ThreadPoolExecutor-0_9] [INFO] [Data Preparation Service] historical_scraper.py:129 - get_by_symbol() - Datasets are stored on "indonesia_stocks/historicals/TCPI.csv"
2025-05-19 22:26:36 [PID:10544] [TID:ThreadPoolExecutor-0_24] [INFO] [Data Preparation Service] historical_scraper.py:129 - get_by_symbol() - Datasets are stored on "indonesia_stocks/historicals/SRAJ.csv"
2025-05-19 22:26:36 [PID:10544] [TID:ThreadPoolExecutor-0_21] [INFO] [Data Preparation Service] historical_scraper.py:129 - get_by_symbol() - Datasets are stored on "indonesia_stocks/historicals/NISP.csv"
2025-05-19 22:26:36 [PID:10544] [TID:ThreadPoolExecutor-0_6] [INFO] [Data Preparation Service] historical_scraper.py:129 - get_by_symbol() - Datasets are stored on "indonesia_stocks/historicals/PNBN.csv"
2025-05-19 22:26:36 [PID:10544] [TID:ThreadPoolExecutor-0_23] [INFO] [Data Preparation Service] historical_scraper.py:129 - get_by_symbol() - Datasets are stored on "indonesia_stocks/historicals/FILM.csv"
2025-05-19 22:26:36 [PID:10544] [TID:ThreadPoolExecutor-0_17] [INFO] [Data Preparation Service] historical_scraper.py:129 - get_by_symbol() - Datasets are stored on "indonesia_stocks/historicals/MEDC.csv"
YF.download() has changed argument auto_adjust default to True
