---------------------------------------------------------
------------------ [ Iteration - 1 ] ------------------
---------------------------------------------------------
/mnt/f/projects/1. bachelor_thesis/thesis_forecasting_dataprep/venv/ubuntu/lib/python3.11/site-packages/numpy/_core/getlimits.py:551: UserWarning: Signature b'\x00\xd0\xcc\xcc\xcc\xcc\xcc\xcc\xfb\xbf\x00\x00\x00\x00\x00\x00' for <class 'numpy.longdouble'> does not match any known type: falling back to type probe function.
This warnings indicates broken support for the dtype!
  machar = _get_machar(dtype)
2025-05-20 17:00:48 [PID:225] [TID:MainThread] [INFO] [Data Preparation Service] infographic_scraper.py:283 - get_stocks_infographic() - "indonesia_stocks/infographic_stocks.csv" already exists.
2025-05-20 17:01:07 [PID:225] [TID:ThreadPoolExecutor-0_17] [INFO] [Data Preparation Service] historical_scraper.py:129 - get_by_symbol() - [ SAVED ] Datasets are stored on "indonesia_stocks/historicals/INDF.csv"
2025-05-20 17:01:07 [PID:225] [TID:ThreadPoolExecutor-0_4] [INFO] [Data Preparation Service] historical_scraper.py:129 - get_by_symbol() - [ SAVED ] Datasets are stored on "indonesia_stocks/historicals/DSSA.csv"
2025-05-20 17:01:07 [PID:225] [TID:ThreadPoolExecutor-0_11] [INFO] [Data Preparation Service] historical_scraper.py:129 - get_by_symbol() - [ SAVED ] Datasets are stored on "indonesia_stocks/historicals/SMMA.csv"
2025-05-20 17:01:07 [PID:225] [TID:ThreadPoolExecutor-0_14] [INFO] [Data Preparation Service] historical_scraper.py:129 - get_by_symbol() - [ SAVED ] Datasets are stored on "indonesia_stocks/historicals/CPIN.csv"
2025-05-20 17:01:07 [PID:225] [TID:ThreadPoolExecutor-0_24] [INFO] [Data Preparation Service] historical_scraper.py:129 - get_by_symbol() - [ SAVED ] Datasets are stored on "indonesia_stocks/historicals/BRMS.csv"
2025-05-20 17:01:07 [PID:225] [TID:ThreadPoolExecutor-0_20] [INFO] [Data Preparation Service] historical_scraper.py:129 - get_by_symbol() - [ SAVED ] Datasets are stored on "indonesia_stocks/historicals/ANTM.csv"
2025-05-20 17:01:07 [PID:225] [TID:ThreadPoolExecutor-0_19] [INFO] [Data Preparation Service] historical_scraper.py:129 - get_by_symbol() - [ SAVED ] Datasets are stored on "indonesia_stocks/historicals/KLBF.csv"
2025-05-20 17:01:07 [PID:225] [TID:ThreadPoolExecutor-0_23] [INFO] [Data Preparation Service] historical_scraper.py:129 - get_by_symbol() - [ SAVED ] Datasets are stored on "indonesia_stocks/historicals/ADRO.csv"
2025-05-20 17:01:07 [PID:225] [TID:ThreadPoolExecutor-0_22] [INFO] [Data Preparation Service] historical_scraper.py:129 - get_by_symbol() - [ SAVED ] Datasets are stored on "indonesia_stocks/historicals/MASA.csv"
2025-05-20 17:01:07 [PID:225] [TID:ThreadPoolExecutor-0_5] [INFO] [Data Preparation Service] historical_scraper.py:129 - get_by_symbol() - [ SAVED ] Datasets are stored on "indonesia_stocks/historicals/PANI.csv"
2025-05-20 17:01:07 [PID:225] [TID:ThreadPoolExecutor-0_10] [INFO] [Data Preparation Service] historical_scraper.py:129 - get_by_symbol() - [ SAVED ] Datasets are stored on "indonesia_stocks/historicals/BRIS.csv"
2025-05-20 17:01:07 [PID:225] [TID:ThreadPoolExecutor-0_6] [INFO] [Data Preparation Service] historical_scraper.py:129 - get_by_symbol() - [ SAVED ] Datasets are stored on "indonesia_stocks/historicals/ASII.csv"
2025-05-20 17:01:07 [PID:225] [TID:ThreadPoolExecutor-0_9] [INFO] [Data Preparation Service] historical_scraper.py:129 - get_by_symbol() - [ SAVED ] Datasets are stored on "indonesia_stocks/historicals/ICBP.csv"
2025-05-20 17:01:07 [PID:225] [TID:ThreadPoolExecutor-0_0] [INFO] [Data Preparation Service] historical_scraper.py:129 - get_by_symbol() - [ SAVED ] Datasets are stored on "indonesia_stocks/historicals/BBCA.csv"
2025-05-20 17:01:07 [PID:225] [TID:ThreadPoolExecutor-0_18] [INFO] [Data Preparation Service] historical_scraper.py:129 - get_by_symbol() - [ SAVED ] Datasets are stored on "indonesia_stocks/historicals/UNVR.csv"
2025-05-20 17:01:08 [PID:225] [TID:ThreadPoolExecutor-0_2] [INFO] [Data Preparation Service] historical_scraper.py:129 - get_by_symbol() - [ SAVED ] Datasets are stored on "indonesia_stocks/historicals/BYAN.csv"
2025-05-20 17:01:08 [PID:225] [TID:ThreadPoolExecutor-0_3] [INFO] [Data Preparation Service] historical_scraper.py:129 - get_by_symbol() - [ SAVED ] Datasets are stored on "indonesia_stocks/historicals/BBRI.csv"
2025-05-20 17:01:08 [PID:225] [TID:ThreadPoolExecutor-0_13] [INFO] [Data Preparation Service] historical_scraper.py:129 - get_by_symbol() - [ SAVED ] Datasets are stored on "indonesia_stocks/historicals/BNLI.csv"
2025-05-20 17:01:08 [PID:225] [TID:ThreadPoolExecutor-0_21] [INFO] [Data Preparation Service] historical_scraper.py:129 - get_by_symbol() - [ SAVED ] Datasets are stored on "indonesia_stocks/historicals/MLPT.csv"
2025-05-20 17:01:08 [PID:225] [TID:ThreadPoolExecutor-0_8] [INFO] [Data Preparation Service] historical_scraper.py:129 - get_by_symbol() - [ SAVED ] Datasets are stored on "indonesia_stocks/historicals/DNET.csv"
2025-05-20 17:01:08 [PID:225] [TID:ThreadPoolExecutor-0_7] [INFO] [Data Preparation Service] historical_scraper.py:129 - get_by_symbol() - [ SAVED ] Datasets are stored on "indonesia_stocks/historicals/BBNI.csv"
2025-05-20 17:01:08 [PID:225] [TID:ThreadPoolExecutor-0_1] [INFO] [Data Preparation Service] historical_scraper.py:129 - get_by_symbol() - [ SAVED ] Datasets are stored on "indonesia_stocks/historicals/TPIA.csv"
2025-05-20 17:01:08 [PID:225] [TID:ThreadPoolExecutor-0_12] [INFO] [Data Preparation Service] historical_scraper.py:129 - get_by_symbol() - [ SAVED ] Datasets are stored on "indonesia_stocks/historicals/AMRT.csv"
2025-05-20 17:01:08 [PID:225] [TID:ThreadPoolExecutor-0_15] [INFO] [Data Preparation Service] historical_scraper.py:129 - get_by_symbol() - [ SAVED ] Datasets are stored on "indonesia_stocks/historicals/UNTR.csv"
2025-05-20 17:01:08 [PID:225] [TID:ThreadPoolExecutor-0_16] [INFO] [Data Preparation Service] historical_scraper.py:129 - get_by_symbol() - [ SAVED ] Datasets are stored on "indonesia_stocks/historicals/BRPT.csv"
2025-05-20 17:01:10 [PID:225] [TID:ThreadPoolExecutor-0_17] [INFO] [Data Preparation Service] historical_scraper.py:129 - get_by_symbol() - [ SAVED ] Datasets are stored on "indonesia_stocks/historicals/GEMS.csv"
2025-05-20 17:01:10 [PID:225] [TID:ThreadPoolExecutor-0_9] [INFO] [Data Preparation Service] historical_scraper.py:129 - get_by_symbol() - [ SAVED ] Datasets are stored on "indonesia_stocks/historicals/INKP.csv"
2025-05-20 17:01:10 [PID:225] [TID:ThreadPoolExecutor-0_19] [INFO] [Data Preparation Service] historical_scraper.py:129 - get_by_symbol() - [ SAVED ] Datasets are stored on "indonesia_stocks/historicals/BUMI.csv"
2025-05-20 17:01:10 [PID:225] [TID:ThreadPoolExecutor-0_14] [INFO] [Data Preparation Service] historical_scraper.py:129 - get_by_symbol() - [ SAVED ] Datasets are stored on "indonesia_stocks/historicals/TBIG.csv"
2025-05-20 17:01:10 [PID:225] [TID:ThreadPoolExecutor-0_20] [INFO] [Data Preparation Service] historical_scraper.py:129 - get_by_symbol() - [ SAVED ] Datasets are stored on "indonesia_stocks/historicals/MEGA.csv"
2025-05-20 17:01:10 [PID:225] [TID:ThreadPoolExecutor-0_22] [INFO] [Data Preparation Service] historical_scraper.py:129 - get_by_symbol() - [ SAVED ] Datasets are stored on "indonesia_stocks/historicals/EMTK.csv"
2025-05-20 17:01:10 [PID:225] [TID:ThreadPoolExecutor-0_6] [INFO] [Data Preparation Service] historical_scraper.py:129 - get_by_symbol() - [ SAVED ] Datasets are stored on "indonesia_stocks/historicals/PNBN.csv"
2025-05-20 17:01:10 [PID:225] [TID:ThreadPoolExecutor-0_4] [INFO] [Data Preparation Service] historical_scraper.py:129 - get_by_symbol() - [ SAVED ] Datasets are stored on "indonesia_stocks/historicals/SUPR.csv"
2025-05-20 17:01:10 [PID:225] [TID:ThreadPoolExecutor-0_11] [INFO] [Data Preparation Service] historical_scraper.py:129 - get_by_symbol() - [ SAVED ] Datasets are stored on "indonesia_stocks/historicals/CASA.csv"
2025-05-20 17:01:10 [PID:225] [TID:ThreadPoolExecutor-0_10] [INFO] [Data Preparation Service] historical_scraper.py:129 - get_by_symbol() - [ SAVED ] Datasets are stored on "indonesia_stocks/historicals/MIKA.csv"
2025-05-20 17:01:10 [PID:225] [TID:ThreadPoolExecutor-0_24] [INFO] [Data Preparation Service] historical_scraper.py:129 - get_by_symbol() - [ SAVED ] Datasets are stored on "indonesia_stocks/historicals/MDKA.csv"
2025-05-20 17:01:10 [PID:225] [TID:ThreadPoolExecutor-0_5] [INFO] [Data Preparation Service] historical_scraper.py:129 - get_by_symbol() - [ SAVED ] Datasets are stored on "indonesia_stocks/historicals/SRAJ.csv"
2025-05-20 17:01:10 [PID:225] [TID:ThreadPoolExecutor-0_23] [INFO] [Data Preparation Service] historical_scraper.py:129 - get_by_symbol() - [ SAVED ] Datasets are stored on "indonesia_stocks/historicals/EXCL.csv"
2025-05-20 17:01:10 [PID:225] [TID:ThreadPoolExecutor-0_0] [INFO] [Data Preparation Service] historical_scraper.py:124 - get_by_symbol() - [Shape: 11] [Symbol: SILO.JK] Number Of Columns Does'nt match
2025-05-20 17:01:10 [PID:225] [TID:ThreadPoolExecutor-0_0] [ERROR] [Data Preparation Service] historical_scraper.py:133 - get_by_symbol() - 'Date' SILO.JK
2025-05-20 17:01:10 [PID:225] [TID:ThreadPoolExecutor-0_3] [INFO] [Data Preparation Service] historical_scraper.py:124 - get_by_symbol() - [Shape: 11] [Symbol: NISP.JK] Number Of Columns Does'nt match
2025-05-20 17:01:10 [PID:225] [TID:ThreadPoolExecutor-0_3] [ERROR] [Data Preparation Service] historical_scraper.py:133 - get_by_symbol() - 'Date' NISP.JK
2025-05-20 17:01:11 [PID:225] [TID:ThreadPoolExecutor-0_2] [INFO] [Data Preparation Service] historical_scraper.py:124 - get_by_symbol() - [Shape: 11] [Symbol: INCO.JK] Number Of Columns Does'nt match
2025-05-20 17:01:11 [PID:225] [TID:ThreadPoolExecutor-0_2] [ERROR] [Data Preparation Service] historical_scraper.py:133 - get_by_symbol() - 'Date' INCO.JK
2025-05-20 17:01:11 [PID:225] [TID:ThreadPoolExecutor-0_8] [INFO] [Data Preparation Service] historical_scraper.py:124 - get_by_symbol() - [Shape: 11] [Symbol: MEDC.JK] Number Of Columns Does'nt match
2025-05-20 17:01:11 [PID:225] [TID:ThreadPoolExecutor-0_16] [INFO] [Data Preparation Service] historical_scraper.py:124 - get_by_symbol() - [Shape: 11] [Symbol: ITMG.JK] Number Of Columns Does'nt match
2025-05-20 17:01:11 [PID:225] [TID:ThreadPoolExecutor-0_8] [ERROR] [Data Preparation Service] historical_scraper.py:133 - get_by_symbol() - 'Date' MEDC.JK
2025-05-20 17:01:11 [PID:225] [TID:ThreadPoolExecutor-0_21] [INFO] [Data Preparation Service] historical_scraper.py:124 - get_by_symbol() - [Shape: 11] [Symbol: MSIN.JK] Number Of Columns Does'nt match
2025-05-20 17:01:11 [PID:225] [TID:ThreadPoolExecutor-0_16] [ERROR] [Data Preparation Service] historical_scraper.py:133 - get_by_symbol() - 'Date' ITMG.JK
2025-05-20 17:01:11 [PID:225] [TID:ThreadPoolExecutor-0_13] [INFO] [Data Preparation Service] historical_scraper.py:124 - get_by_symbol() - [Shape: 11] [Symbol: TCPI.JK] Number Of Columns Does'nt match
2025-05-20 17:01:11 [PID:225] [TID:ThreadPoolExecutor-0_18] [INFO] [Data Preparation Service] historical_scraper.py:124 - get_by_symbol() - [Shape: 11] [Symbol: PTRO.JK] Number Of Columns Does'nt match
2025-05-20 17:01:11 [PID:225] [TID:ThreadPoolExecutor-0_12] [INFO] [Data Preparation Service] historical_scraper.py:124 - get_by_symbol() - [Shape: 11] [Symbol: BINA.JK] Number Of Columns Does'nt match
2025-05-20 17:01:11 [PID:225] [TID:ThreadPoolExecutor-0_21] [ERROR] [Data Preparation Service] historical_scraper.py:133 - get_by_symbol() - 'Date' MSIN.JK
2025-05-20 17:01:11 [PID:225] [TID:ThreadPoolExecutor-0_15] [INFO] [Data Preparation Service] historical_scraper.py:124 - get_by_symbol() - [Shape: 11] [Symbol: AKRA.JK] Number Of Columns Does'nt match
2025-05-20 17:01:11 [PID:225] [TID:ThreadPoolExecutor-0_7] [INFO] [Data Preparation Service] historical_scraper.py:124 - get_by_symbol() - [Shape: 11] [Symbol: FILM.JK] Number Of Columns Does'nt match
2025-05-20 17:01:11 [PID:225] [TID:ThreadPoolExecutor-0_13] [ERROR] [Data Preparation Service] historical_scraper.py:133 - get_by_symbol() - 'Date' TCPI.JK
2025-05-20 17:01:11 [PID:225] [TID:ThreadPoolExecutor-0_18] [ERROR] [Data Preparation Service] historical_scraper.py:133 - get_by_symbol() - 'Date' PTRO.JK
2025-05-20 17:01:11 [PID:225] [TID:ThreadPoolExecutor-0_12] [ERROR] [Data Preparation Service] historical_scraper.py:133 - get_by_symbol() - 'Date' BINA.JK
2025-05-20 17:01:11 [PID:225] [TID:ThreadPoolExecutor-0_15] [ERROR] [Data Preparation Service] historical_scraper.py:133 - get_by_symbol() - 'Date' AKRA.JK
2025-05-20 17:01:11 [PID:225] [TID:ThreadPoolExecutor-0_7] [ERROR] [Data Preparation Service] historical_scraper.py:133 - get_by_symbol() - 'Date' FILM.JK
2025-05-20 17:01:11 [PID:225] [TID:ThreadPoolExecutor-0_1] [INFO] [Data Preparation Service] historical_scraper.py:124 - get_by_symbol() - [Shape: 11] [Symbol: ARTO.JK] Number Of Columns Does'nt match
2025-05-20 17:01:11 [PID:225] [TID:ThreadPoolExecutor-0_1] [ERROR] [Data Preparation Service] historical_scraper.py:133 - get_by_symbol() - 'Date' ARTO.JK
2025-05-20 17:01:11 [PID:225] [TID:MainThread] [WARNING] [Data Preparation Service] historical_scraper.py:239 - get_by_dataframe_async() - [ FAILED SYMBOL ] Append "SILO.JK" to LIST -> failed_symbols: List[str]
2025-05-20 17:01:11 [PID:225] [TID:MainThread] [WARNING] [Data Preparation Service] historical_scraper.py:239 - get_by_dataframe_async() - [ FAILED SYMBOL ] Append "NISP.JK" to LIST -> failed_symbols: List[str]
2025-05-20 17:01:11 [PID:225] [TID:MainThread] [WARNING] [Data Preparation Service] historical_scraper.py:239 - get_by_dataframe_async() - [ FAILED SYMBOL ] Append "INCO.JK" to LIST -> failed_symbols: List[str]
2025-05-20 17:01:11 [PID:225] [TID:MainThread] [WARNING] [Data Preparation Service] historical_scraper.py:239 - get_by_dataframe_async() - [ FAILED SYMBOL ] Append "MEDC.JK" to LIST -> failed_symbols: List[str]
2025-05-20 17:01:11 [PID:225] [TID:MainThread] [WARNING] [Data Preparation Service] historical_scraper.py:239 - get_by_dataframe_async() - [ FAILED SYMBOL ] Append "ITMG.JK" to LIST -> failed_symbols: List[str]
2025-05-20 17:01:11 [PID:225] [TID:MainThread] [WARNING] [Data Preparation Service] historical_scraper.py:239 - get_by_dataframe_async() - [ FAILED SYMBOL ] Append "MSIN.JK" to LIST -> failed_symbols: List[str]
2025-05-20 17:01:11 [PID:225] [TID:MainThread] [WARNING] [Data Preparation Service] historical_scraper.py:239 - get_by_dataframe_async() - [ FAILED SYMBOL ] Append "TCPI.JK" to LIST -> failed_symbols: List[str]
2025-05-20 17:01:11 [PID:225] [TID:MainThread] [WARNING] [Data Preparation Service] historical_scraper.py:239 - get_by_dataframe_async() - [ FAILED SYMBOL ] Append "PTRO.JK" to LIST -> failed_symbols: List[str]
2025-05-20 17:01:11 [PID:225] [TID:MainThread] [WARNING] [Data Preparation Service] historical_scraper.py:239 - get_by_dataframe_async() - [ FAILED SYMBOL ] Append "BINA.JK" to LIST -> failed_symbols: List[str]
2025-05-20 17:01:11 [PID:225] [TID:MainThread] [WARNING] [Data Preparation Service] historical_scraper.py:239 - get_by_dataframe_async() - [ FAILED SYMBOL ] Append "AKRA.JK" to LIST -> failed_symbols: List[str]
2025-05-20 17:01:11 [PID:225] [TID:MainThread] [WARNING] [Data Preparation Service] historical_scraper.py:239 - get_by_dataframe_async() - [ FAILED SYMBOL ] Append "FILM.JK" to LIST -> failed_symbols: List[str]
2025-05-20 17:01:11 [PID:225] [TID:MainThread] [WARNING] [Data Preparation Service] historical_scraper.py:239 - get_by_dataframe_async() - [ FAILED SYMBOL ] Append "ARTO.JK" to LIST -> failed_symbols: List[str]
2025-05-20 17:01:11 [PID:225] [TID:MainThread] [WARNING] [Data Preparation Service] historical_scraper.py:155 - __retry_mechanism() - [ RETRY MECHANISM ] retry count: 1
2025-05-20 17:01:13 [PID:225] [TID:MainThread] [INFO] [Data Preparation Service] historical_scraper.py:124 - get_by_symbol() - [Shape: 11] [Symbol: SILO.JK] Number Of Columns Does'nt match
2025-05-20 17:01:13 [PID:225] [TID:MainThread] [ERROR] [Data Preparation Service] historical_scraper.py:133 - get_by_symbol() - 'Date' SILO.JK
2025-05-20 17:01:13 [PID:225] [TID:MainThread] [WARNING] [Data Preparation Service] historical_scraper.py:166 - __retry_mechanism() - [ RETRY MECHANISM ] [ FAILED SYMBOL ] Append "SILO.JK" to LIST -> failed_symbols: List[str]
2025-05-20 17:01:15 [PID:225] [TID:MainThread] [INFO] [Data Preparation Service] historical_scraper.py:124 - get_by_symbol() - [Shape: 11] [Symbol: NISP.JK] Number Of Columns Does'nt match
2025-05-20 17:01:15 [PID:225] [TID:MainThread] [ERROR] [Data Preparation Service] historical_scraper.py:133 - get_by_symbol() - 'Date' NISP.JK
2025-05-20 17:01:15 [PID:225] [TID:MainThread] [WARNING] [Data Preparation Service] historical_scraper.py:166 - __retry_mechanism() - [ RETRY MECHANISM ] [ FAILED SYMBOL ] Append "NISP.JK" to LIST -> failed_symbols: List[str]
2025-05-20 17:01:17 [PID:225] [TID:MainThread] [INFO] [Data Preparation Service] historical_scraper.py:124 - get_by_symbol() - [Shape: 11] [Symbol: INCO.JK] Number Of Columns Does'nt match
2025-05-20 17:01:17 [PID:225] [TID:MainThread] [ERROR] [Data Preparation Service] historical_scraper.py:133 - get_by_symbol() - 'Date' INCO.JK
2025-05-20 17:01:17 [PID:225] [TID:MainThread] [WARNING] [Data Preparation Service] historical_scraper.py:166 - __retry_mechanism() - [ RETRY MECHANISM ] [ FAILED SYMBOL ] Append "INCO.JK" to LIST -> failed_symbols: List[str]
2025-05-20 17:01:18 [PID:225] [TID:MainThread] [INFO] [Data Preparation Service] historical_scraper.py:124 - get_by_symbol() - [Shape: 11] [Symbol: MEDC.JK] Number Of Columns Does'nt match
2025-05-20 17:01:18 [PID:225] [TID:MainThread] [ERROR] [Data Preparation Service] historical_scraper.py:133 - get_by_symbol() - 'Date' MEDC.JK
2025-05-20 17:01:18 [PID:225] [TID:MainThread] [WARNING] [Data Preparation Service] historical_scraper.py:166 - __retry_mechanism() - [ RETRY MECHANISM ] [ FAILED SYMBOL ] Append "MEDC.JK" to LIST -> failed_symbols: List[str]
2025-05-20 17:01:19 [PID:225] [TID:MainThread] [INFO] [Data Preparation Service] historical_scraper.py:124 - get_by_symbol() - [Shape: 11] [Symbol: ITMG.JK] Number Of Columns Does'nt match
2025-05-20 17:01:19 [PID:225] [TID:MainThread] [ERROR] [Data Preparation Service] historical_scraper.py:133 - get_by_symbol() - 'Date' ITMG.JK
2025-05-20 17:01:19 [PID:225] [TID:MainThread] [WARNING] [Data Preparation Service] historical_scraper.py:166 - __retry_mechanism() - [ RETRY MECHANISM ] [ FAILED SYMBOL ] Append "ITMG.JK" to LIST -> failed_symbols: List[str]
2025-05-20 17:01:20 [PID:225] [TID:MainThread] [INFO] [Data Preparation Service] historical_scraper.py:124 - get_by_symbol() - [Shape: 11] [Symbol: MSIN.JK] Number Of Columns Does'nt match
2025-05-20 17:01:20 [PID:225] [TID:MainThread] [ERROR] [Data Preparation Service] historical_scraper.py:133 - get_by_symbol() - 'Date' MSIN.JK
2025-05-20 17:01:20 [PID:225] [TID:MainThread] [WARNING] [Data Preparation Service] historical_scraper.py:166 - __retry_mechanism() - [ RETRY MECHANISM ] [ FAILED SYMBOL ] Append "MSIN.JK" to LIST -> failed_symbols: List[str]
2025-05-20 17:01:22 [PID:225] [TID:MainThread] [INFO] [Data Preparation Service] historical_scraper.py:124 - get_by_symbol() - [Shape: 11] [Symbol: TCPI.JK] Number Of Columns Does'nt match
2025-05-20 17:01:22 [PID:225] [TID:MainThread] [ERROR] [Data Preparation Service] historical_scraper.py:133 - get_by_symbol() - 'Date' TCPI.JK
2025-05-20 17:01:22 [PID:225] [TID:MainThread] [WARNING] [Data Preparation Service] historical_scraper.py:166 - __retry_mechanism() - [ RETRY MECHANISM ] [ FAILED SYMBOL ] Append "TCPI.JK" to LIST -> failed_symbols: List[str]
2025-05-20 17:01:23 [PID:225] [TID:MainThread] [INFO] [Data Preparation Service] historical_scraper.py:124 - get_by_symbol() - [Shape: 11] [Symbol: PTRO.JK] Number Of Columns Does'nt match
2025-05-20 17:01:23 [PID:225] [TID:MainThread] [ERROR] [Data Preparation Service] historical_scraper.py:133 - get_by_symbol() - 'Date' PTRO.JK
2025-05-20 17:01:23 [PID:225] [TID:MainThread] [WARNING] [Data Preparation Service] historical_scraper.py:166 - __retry_mechanism() - [ RETRY MECHANISM ] [ FAILED SYMBOL ] Append "PTRO.JK" to LIST -> failed_symbols: List[str]
2025-05-20 17:01:24 [PID:225] [TID:MainThread] [INFO] [Data Preparation Service] historical_scraper.py:129 - get_by_symbol() - [ SAVED ] Datasets are stored on "indonesia_stocks/historicals/BINA.csv"
2025-05-20 17:01:26 [PID:225] [TID:MainThread] [INFO] [Data Preparation Service] historical_scraper.py:129 - get_by_symbol() - [ SAVED ] Datasets are stored on "indonesia_stocks/historicals/AKRA.csv"
2025-05-20 17:01:27 [PID:225] [TID:MainThread] [INFO] [Data Preparation Service] historical_scraper.py:129 - get_by_symbol() - [ SAVED ] Datasets are stored on "indonesia_stocks/historicals/FILM.csv"
2025-05-20 17:01:28 [PID:225] [TID:MainThread] [INFO] [Data Preparation Service] historical_scraper.py:129 - get_by_symbol() - [ SAVED ] Datasets are stored on "indonesia_stocks/historicals/ARTO.csv"
2025-05-20 17:01:28 [PID:225] [TID:MainThread] [INFO] [Data Preparation Service] historical_scraper.py:170 - __retry_mechanism() - [ RETRY MECHANISM ] Waiting 3 seconds before next retry...
2025-05-20 17:01:31 [PID:225] [TID:MainThread] [WARNING] [Data Preparation Service] historical_scraper.py:155 - __retry_mechanism() - [ RETRY MECHANISM ] retry count: 2
2025-05-20 17:01:32 [PID:225] [TID:MainThread] [INFO] [Data Preparation Service] historical_scraper.py:129 - get_by_symbol() - [ SAVED ] Datasets are stored on "indonesia_stocks/historicals/SILO.csv"
2025-05-20 17:01:34 [PID:225] [TID:MainThread] [INFO] [Data Preparation Service] historical_scraper.py:129 - get_by_symbol() - [ SAVED ] Datasets are stored on "indonesia_stocks/historicals/NISP.csv"
2025-05-20 17:01:35 [PID:225] [TID:MainThread] [INFO] [Data Preparation Service] historical_scraper.py:129 - get_by_symbol() - [ SAVED ] Datasets are stored on "indonesia_stocks/historicals/INCO.csv"
2025-05-20 17:01:36 [PID:225] [TID:MainThread] [INFO] [Data Preparation Service] historical_scraper.py:129 - get_by_symbol() - [ SAVED ] Datasets are stored on "indonesia_stocks/historicals/MEDC.csv"
2025-05-20 17:01:37 [PID:225] [TID:MainThread] [INFO] [Data Preparation Service] historical_scraper.py:129 - get_by_symbol() - [ SAVED ] Datasets are stored on "indonesia_stocks/historicals/ITMG.csv"
2025-05-20 17:01:39 [PID:225] [TID:MainThread] [INFO] [Data Preparation Service] historical_scraper.py:129 - get_by_symbol() - [ SAVED ] Datasets are stored on "indonesia_stocks/historicals/MSIN.csv"
2025-05-20 17:01:40 [PID:225] [TID:MainThread] [INFO] [Data Preparation Service] historical_scraper.py:129 - get_by_symbol() - [ SAVED ] Datasets are stored on "indonesia_stocks/historicals/TCPI.csv"
2025-05-20 17:01:41 [PID:225] [TID:MainThread] [INFO] [Data Preparation Service] historical_scraper.py:129 - get_by_symbol() - [ SAVED ] Datasets are stored on "indonesia_stocks/historicals/PTRO.csv"
YF.download() has changed argument auto_adjust default to True
---------------------------------------------------------
-------------------- [ Historicals ] --------------------
---------------------------------------------------------
---------------------------------------------------------
--------------------- [ Technicals ] --------------------
---------------------------------------------------------
