---------------------------------------------------------
------------------ [ Iteration - 1 ] ------------------
---------------------------------------------------------
/mnt/f/projects/1. bachelor_thesis/thesis_forecasting_dataprep/venv/ubuntu/lib/python3.11/site-packages/numpy/_core/getlimits.py:551: UserWarning: Signature b'\x00\xd0\xcc\xcc\xcc\xcc\xcc\xcc\xfb\xbf\x00\x00\x00\x00\x00\x00' for <class 'numpy.longdouble'> does not match any known type: falling back to type probe function.
This warnings indicates broken support for the dtype!
  machar = _get_machar(dtype)
2025-08-08 23:32:20 [PID:862] [TID:MainThread] [INFO] [Data Preparation Service] infographic_scraper.py:319 - get_stocks_infographic() - "indonesia_stocks/infographic_stocks.csv" already exists.
2025-08-08 23:32:20 [PID:862] [TID:MainThread] [ERROR] [Data Preparation Service] sorter.py:246 - by_default_infographic() - 'Sorter' object has no attribute 'DATASET_FUNDAMENTAL_JSON_PATH'
2025-08-08 23:32:20 [PID:862] [TID:MainThread] [ERROR] [Data Preparation Service] main.py:52 - run_pipeline() - 'bool' object is not subscriptable
2025-08-08 23:32:20 [PID:862] [TID:MainThread] [ERROR] [Data Preparation Service] technical_indicator.py:622 - generate_indicator_by_dataframe_sync() - 'bool' object is not subscriptable
---------------------------------------------------------
-------------------- [ Historicals ] --------------------
---------------------------------------------------------
total 2388
drwxrwxrwx 1 hanxzo hanxzo  4096 May 16 03:19 .
drwxrwxrwx 1 hanxzo hanxzo  4096 Aug  8 19:24 ..
-rwxrwxrwx 1 hanxzo hanxzo 55413 Aug  8 19:40 ADRO.csv
-rwxrwxrwx 1 hanxzo hanxzo 57541 Aug  8 19:41 AKRA.csv
-rwxrwxrwx 1 hanxzo hanxzo 54696 Aug  8 19:39 AMRT.csv
-rwxrwxrwx 1 hanxzo hanxzo 56404 Aug  8 19:40 ANTM.csv
-rwxrwxrwx 1 hanxzo hanxzo 29250 Aug  8 19:40 ARTO.csv
-rwxrwxrwx 1 hanxzo hanxzo 52616 Aug  8 19:39 ASII.csv
-rwxrwxrwx 1 hanxzo hanxzo 50350 Aug  8 19:39 BBCA.csv
-rwxrwxrwx 1 hanxzo hanxzo 52275 Aug  8 19:39 BBNI.csv
-rwxrwxrwx 1 hanxzo hanxzo 52527 Aug  8 19:39 BBRI.csv
-rwxrwxrwx 1 hanxzo hanxzo 27884 Aug  8 19:41 BINA.csv
-rwxrwxrwx 1 hanxzo hanxzo 51652 Aug  8 19:39 BNLI.csv
-rwxrwxrwx 1 hanxzo hanxzo 54949 Aug  8 19:39 BRIS.csv
-rwxrwxrwx 1 hanxzo hanxzo 27617 Aug  8 19:40 BRMS.csv
-rwxrwxrwx 1 hanxzo hanxzo 44646 Aug  8 19:39 BRPT.csv
-rwxrwxrwx 1 hanxzo hanxzo 27009 Aug  8 19:40 BUMI.csv
-rwxrwxrwx 1 hanxzo hanxzo 48099 Aug  8 19:39 BYAN.csv
-rwxrwxrwx 1 hanxzo hanxzo 26454 Aug  8 19:40 CASA.csv
-rwxrwxrwx 1 hanxzo hanxzo 52036 Aug  8 19:39 CPIN.csv
-rwxrwxrwx 1 hanxzo hanxzo 51098 Aug  8 19:39 DNET.csv
-rwxrwxrwx 1 hanxzo hanxzo 28914 Aug  8 19:39 DSSA.csv
-rwxrwxrwx 1 hanxzo hanxzo 53625 Aug  8 19:40 EMTK.csv
-rwxrwxrwx 1 hanxzo hanxzo 53341 Aug  8 19:40 EXCL.csv
-rwxrwxrwx 1 hanxzo hanxzo 44630 Aug  8 19:40 FILM.csv
-rwxrwxrwx 1 hanxzo hanxzo 51861 Aug  8 19:40 GEMS.csv
-rwxrwxrwx 1 hanxzo hanxzo 53861 Aug  8 19:39 ICBP.csv
-rwxrwxrwx 1 hanxzo hanxzo 53130 Aug  8 19:40 INCO.csv
-rwxrwxrwx 1 hanxzo hanxzo 52849 Aug  8 19:39 INDF.csv
-rwxrwxrwx 1 hanxzo hanxzo 52713 Aug  8 19:40 INKP.csv
-rwxrwxrwx 1 hanxzo hanxzo 51646 Aug  8 19:41 ITMG.csv
-rwxrwxrwx 1 hanxzo hanxzo 55538 Aug  8 19:39 KLBF.csv
-rwxrwxrwx 1 hanxzo hanxzo 41891 Aug  8 19:40 MASA.csv
-rwxrwxrwx 1 hanxzo hanxzo 29569 Aug  8 19:40 MDKA.csv
-rwxrwxrwx 1 hanxzo hanxzo 55523 Aug  8 19:40 MEDC.csv
-rwxrwxrwx 1 hanxzo hanxzo 49154 Aug  8 19:40 MEGA.csv
-rwxrwxrwx 1 hanxzo hanxzo 54671 Aug  8 19:40 MIKA.csv
-rwxrwxrwx 1 hanxzo hanxzo 52155 Aug  8 19:40 MLPT.csv
-rwxrwxrwx 1 hanxzo hanxzo 26706 Aug  8 19:40 MSIN.csv
-rwxrwxrwx 1 hanxzo hanxzo 51358 Aug  8 19:40 NISP.csv
-rwxrwxrwx 1 hanxzo hanxzo 53611 Aug  8 19:39 PANI.csv
-rwxrwxrwx 1 hanxzo hanxzo 55639 Aug  8 19:40 PNBN.csv
-rwxrwxrwx 1 hanxzo hanxzo 53977 Aug  8 19:40 PTRO.csv
-rwxrwxrwx 1 hanxzo hanxzo 43768 Aug  8 19:40 SILO.csv
-rwxrwxrwx 1 hanxzo hanxzo 28909 Aug  8 19:39 SMMA.csv
-rwxrwxrwx 1 hanxzo hanxzo 27007 Aug  8 19:40 SRAJ.csv
-rwxrwxrwx 1 hanxzo hanxzo 27694 Aug  8 19:40 SUPR.csv
-rwxrwxrwx 1 hanxzo hanxzo 55141 Aug  8 19:40 TBIG.csv
-rwxrwxrwx 1 hanxzo hanxzo 52832 Aug  8 19:40 TCPI.csv
-rwxrwxrwx 1 hanxzo hanxzo 53638 Aug  8 19:39 TPIA.csv
-rwxrwxrwx 1 hanxzo hanxzo 52307 Aug  8 19:39 UNTR.csv
-rwxrwxrwx 1 hanxzo hanxzo 54602 Aug  8 19:39 UNVR.csv
---------------------------------------------------------
--------------------- [ Indicators ] --------------------
---------------------------------------------------------
total 2000
drwxrwxrwx 1 hanxzo hanxzo  4096 May 20 17:01 .
drwxrwxrwx 1 hanxzo hanxzo  4096 Aug  8 19:24 ..
-rwxrwxrwx 1 hanxzo hanxzo 38056 Aug  8 19:41 ADRO.csv
-rwxrwxrwx 1 hanxzo hanxzo 38205 Aug  8 19:41 AKRA.csv
-rwxrwxrwx 1 hanxzo hanxzo 38207 Aug  8 19:41 AMRT.csv
-rwxrwxrwx 1 hanxzo hanxzo 38185 Aug  8 19:41 ANTM.csv
-rwxrwxrwx 1 hanxzo hanxzo 38336 Aug  8 19:41 ARTO.csv
-rwxrwxrwx 1 hanxzo hanxzo 38203 Aug  8 19:41 ASII.csv
-rwxrwxrwx 1 hanxzo hanxzo 38133 Aug  8 19:41 BBCA.csv
-rwxrwxrwx 1 hanxzo hanxzo 38163 Aug  8 19:41 BBNI.csv
-rwxrwxrwx 1 hanxzo hanxzo 38124 Aug  8 19:41 BBRI.csv
-rwxrwxrwx 1 hanxzo hanxzo 38102 Aug  8 19:41 BINA.csv
-rwxrwxrwx 1 hanxzo hanxzo 38153 Aug  8 19:41 BNLI.csv
-rwxrwxrwx 1 hanxzo hanxzo 38030 Aug  8 19:41 BRIS.csv
-rwxrwxrwx 1 hanxzo hanxzo 38161 Aug  8 19:41 BRMS.csv
-rwxrwxrwx 1 hanxzo hanxzo 38183 Aug  8 19:41 BRPT.csv
-rwxrwxrwx 1 hanxzo hanxzo 38327 Aug  8 19:41 BUMI.csv
-rwxrwxrwx 1 hanxzo hanxzo 38199 Aug  8 19:41 BYAN.csv
-rwxrwxrwx 1 hanxzo hanxzo 38169 Aug  8 19:41 CASA.csv
-rwxrwxrwx 1 hanxzo hanxzo 38240 Aug  8 19:41 CPIN.csv
-rwxrwxrwx 1 hanxzo hanxzo 38051 Aug  8 19:41 DNET.csv
-rwxrwxrwx 1 hanxzo hanxzo 37934 Aug  8 19:41 DSSA.csv
-rwxrwxrwx 1 hanxzo hanxzo 38301 Aug  8 19:41 EMTK.csv
-rwxrwxrwx 1 hanxzo hanxzo 38099 Aug  8 19:41 EXCL.csv
-rwxrwxrwx 1 hanxzo hanxzo 38174 Aug  8 19:41 FILM.csv
-rwxrwxrwx 1 hanxzo hanxzo 38089 Aug  8 19:41 GEMS.csv
-rwxrwxrwx 1 hanxzo hanxzo 38264 Aug  8 19:41 ICBP.csv
-rwxrwxrwx 1 hanxzo hanxzo 38393 Aug  8 19:41 INCO.csv
-rwxrwxrwx 1 hanxzo hanxzo 38142 Aug  8 19:41 INDF.csv
-rwxrwxrwx 1 hanxzo hanxzo 38304 Aug  8 19:41 INKP.csv
-rwxrwxrwx 1 hanxzo hanxzo 38108 Aug  8 19:41 ITMG.csv
-rwxrwxrwx 1 hanxzo hanxzo 38385 Aug  8 19:41 KLBF.csv
-rwxrwxrwx 1 hanxzo hanxzo 38177 Aug  8 19:41 MASA.csv
-rwxrwxrwx 1 hanxzo hanxzo 38314 Aug  8 19:41 MDKA.csv
-rwxrwxrwx 1 hanxzo hanxzo 38182 Aug  8 19:41 MEDC.csv
-rwxrwxrwx 1 hanxzo hanxzo 38318 Aug  8 19:41 MEGA.csv
-rwxrwxrwx 1 hanxzo hanxzo 38235 Aug  8 19:41 MIKA.csv
-rwxrwxrwx 1 hanxzo hanxzo 38206 Aug  8 19:41 MLPT.csv
-rwxrwxrwx 1 hanxzo hanxzo 38461 Aug  8 19:41 MSIN.csv
-rwxrwxrwx 1 hanxzo hanxzo 38174 Aug  8 19:41 NISP.csv
-rwxrwxrwx 1 hanxzo hanxzo 37943 Aug  8 19:41 PANI.csv
-rwxrwxrwx 1 hanxzo hanxzo 38213 Aug  8 19:41 PNBN.csv
-rwxrwxrwx 1 hanxzo hanxzo 38089 Aug  8 19:41 PTRO.csv
-rwxrwxrwx 1 hanxzo hanxzo 38057 Aug  8 19:41 SILO.csv
-rwxrwxrwx 1 hanxzo hanxzo 38096 Aug  8 19:41 SMMA.csv
-rwxrwxrwx 1 hanxzo hanxzo 37997 Aug  8 19:41 SRAJ.csv
-rwxrwxrwx 1 hanxzo hanxzo 37789 Aug  8 19:41 SUPR.csv
-rwxrwxrwx 1 hanxzo hanxzo 38316 Aug  8 19:41 TBIG.csv
-rwxrwxrwx 1 hanxzo hanxzo 38301 Aug  8 19:41 TCPI.csv
-rwxrwxrwx 1 hanxzo hanxzo 38095 Aug  8 19:41 TPIA.csv
-rwxrwxrwx 1 hanxzo hanxzo 38075 Aug  8 19:41 UNTR.csv
-rwxrwxrwx 1 hanxzo hanxzo 38397 Aug  8 19:41 UNVR.csv
---------------------------------------------------------
----------------------- [ Min-Max ] ---------------------
---------------------------------------------------------
total 0
drwxrwxrwx 1 hanxzo hanxzo 4096 May 21 00:05 .
drwxrwxrwx 1 hanxzo hanxzo 4096 Aug  8 19:24 ..
-rwxrwxrwx 1 hanxzo hanxzo  292 Aug  8 19:41 ADRO.json
-rwxrwxrwx 1 hanxzo hanxzo  286 Aug  8 19:41 AKRA.json
-rwxrwxrwx 1 hanxzo hanxzo  293 Aug  8 19:41 AMRT.json
-rwxrwxrwx 1 hanxzo hanxzo  290 Aug  8 19:41 ANTM.json
-rwxrwxrwx 1 hanxzo hanxzo  267 Aug  8 19:41 ARTO.json
-rwxrwxrwx 1 hanxzo hanxzo  288 Aug  8 19:41 ASII.json
-rwxrwxrwx 1 hanxzo hanxzo  287 Aug  8 19:41 BBCA.json
-rwxrwxrwx 1 hanxzo hanxzo  292 Aug  8 19:41 BBNI.json
-rwxrwxrwx 1 hanxzo hanxzo  290 Aug  8 19:41 BBRI.json
-rwxrwxrwx 1 hanxzo hanxzo  261 Aug  8 19:41 BINA.json
-rwxrwxrwx 1 hanxzo hanxzo  276 Aug  8 19:41 BNLI.json
-rwxrwxrwx 1 hanxzo hanxzo  289 Aug  8 19:41 BRIS.json
-rwxrwxrwx 1 hanxzo hanxzo  270 Aug  8 19:41 BRMS.json
-rwxrwxrwx 1 hanxzo hanxzo  269 Aug  8 19:41 BRPT.json
-rwxrwxrwx 1 hanxzo hanxzo  266 Aug  8 19:41 BUMI.json
-rwxrwxrwx 1 hanxzo hanxzo  282 Aug  8 19:41 BYAN.json
-rwxrwxrwx 1 hanxzo hanxzo  260 Aug  8 19:41 CASA.json
-rwxrwxrwx 1 hanxzo hanxzo  272 Aug  8 19:41 CPIN.json
-rwxrwxrwx 1 hanxzo hanxzo  281 Aug  8 19:41 DNET.json
-rwxrwxrwx 1 hanxzo hanxzo  264 Aug  8 19:41 DSSA.json
-rwxrwxrwx 1 hanxzo hanxzo  289 Aug  8 19:41 EMTK.json
-rwxrwxrwx 1 hanxzo hanxzo  279 Aug  8 19:41 EXCL.json
-rwxrwxrwx 1 hanxzo hanxzo  287 Aug  8 19:41 FILM.json
-rwxrwxrwx 1 hanxzo hanxzo  278 Aug  8 19:41 GEMS.json
-rwxrwxrwx 1 hanxzo hanxzo  286 Aug  8 19:41 ICBP.json
-rwxrwxrwx 1 hanxzo hanxzo  290 Aug  8 19:41 INCO.json
-rwxrwxrwx 1 hanxzo hanxzo  277 Aug  8 19:41 INDF.json
-rwxrwxrwx 1 hanxzo hanxzo  281 Aug  8 19:41 INKP.json
-rwxrwxrwx 1 hanxzo hanxzo  276 Aug  8 19:41 ITMG.json
-rwxrwxrwx 1 hanxzo hanxzo  287 Aug  8 19:41 KLBF.json
-rwxrwxrwx 1 hanxzo hanxzo  272 Aug  8 19:41 MASA.json
-rwxrwxrwx 1 hanxzo hanxzo  269 Aug  8 19:41 MDKA.json
-rwxrwxrwx 1 hanxzo hanxzo  287 Aug  8 19:41 MEDC.json
-rwxrwxrwx 1 hanxzo hanxzo  269 Aug  8 19:41 MEGA.json
-rwxrwxrwx 1 hanxzo hanxzo  289 Aug  8 19:41 MIKA.json
-rwxrwxrwx 1 hanxzo hanxzo  278 Aug  8 19:41 MLPT.json
-rwxrwxrwx 1 hanxzo hanxzo  263 Aug  8 19:41 MSIN.json
-rwxrwxrwx 1 hanxzo hanxzo  279 Aug  8 19:41 NISP.json
-rwxrwxrwx 1 hanxzo hanxzo  288 Aug  8 19:41 PANI.json
-rwxrwxrwx 1 hanxzo hanxzo  292 Aug  8 19:41 PNBN.json
-rwxrwxrwx 1 hanxzo hanxzo  278 Aug  8 19:41 PTRO.json
-rwxrwxrwx 1 hanxzo hanxzo  280 Aug  8 19:41 SILO.json
-rwxrwxrwx 1 hanxzo hanxzo  263 Aug  8 19:41 SMMA.json
-rwxrwxrwx 1 hanxzo hanxzo  261 Aug  8 19:41 SRAJ.json
-rwxrwxrwx 1 hanxzo hanxzo  267 Aug  8 19:41 SUPR.json
-rwxrwxrwx 1 hanxzo hanxzo  275 Aug  8 19:41 TBIG.json
-rwxrwxrwx 1 hanxzo hanxzo  285 Aug  8 19:41 TCPI.json
-rwxrwxrwx 1 hanxzo hanxzo  276 Aug  8 19:41 TPIA.json
-rwxrwxrwx 1 hanxzo hanxzo  283 Aug  8 19:41 UNTR.json
-rwxrwxrwx 1 hanxzo hanxzo  280 Aug  8 19:41 UNVR.json
---------------------------------------------------------
--------------------- [ Workloads ] ---------------------
---------------------------------------------------------
total 0
drwxrwxrwx 1 hanxzo hanxzo 4096 Jun 10 15:38 .
drwxrwxrwx 1 hanxzo hanxzo 4096 Aug  8 19:24 ..
-rwxrwxrwx 1 hanxzo hanxzo   75 Aug  8 23:32 workloads_1.json
-rwxrwxrwx 1 hanxzo hanxzo   75 Aug  8 23:32 workloads_10.json
-rwxrwxrwx 1 hanxzo hanxzo   75 Aug  8 23:32 workloads_2.json
-rwxrwxrwx 1 hanxzo hanxzo   75 Aug  8 23:32 workloads_3.json
-rwxrwxrwx 1 hanxzo hanxzo   75 Aug  8 23:32 workloads_4.json
-rwxrwxrwx 1 hanxzo hanxzo   75 Aug  8 23:32 workloads_5.json
-rwxrwxrwx 1 hanxzo hanxzo   75 Aug  8 23:32 workloads_6.json
-rwxrwxrwx 1 hanxzo hanxzo   75 Aug  8 23:32 workloads_7.json
-rwxrwxrwx 1 hanxzo hanxzo   75 Aug  8 23:32 workloads_8.json
-rwxrwxrwx 1 hanxzo hanxzo   75 Aug  8 23:32 workloads_9.json
