---------------------------------------------------------
------------------ [ Iteration - 1 ] ---------------------
---------------------------------------------------------
/mnt/f/projects/1. bachelor_thesis/thesis_forecasting_dataprep/venv/ubuntu/lib/python3.11/site-packages/numpy/_core/getlimits.py:551: UserWarning: Signature b'\x00\xd0\xcc\xcc\xcc\xcc\xcc\xcc\xfb\xbf\x00\x00\x00\x00\x00\x00' for <class 'numpy.longdouble'> does not match any known type: falling back to type probe function.
This warnings indicates broken support for the dtype!
  machar = _get_machar(dtype)
2025-05-19 20:24:10 [PID:10213] [TID:MainThread] [INFO] [Data Preparation Service] infographic_scraper.py:283 - get_stocks_infographic() - "indonesia_stocks/infographic_stocks.csv" already exists.
2025-05-19 20:24:22 [PID:10213] [TID:MainThread] [INFO] [Data Preparation Service] historical_scraper.py:100 - get_by_symbol() - Datasets are stored on "indonesia_stocks/historicals/BBCA.csv"
2025-05-19 20:24:30 [PID:10213] [TID:MainThread] [INFO] [Data Preparation Service] historical_scraper.py:100 - get_by_symbol() - Datasets are stored on "indonesia_stocks/historicals/TPIA.csv"
2025-05-19 20:24:35 [PID:10213] [TID:MainThread] [INFO] [Data Preparation Service] historical_scraper.py:100 - get_by_symbol() - Datasets are stored on "indonesia_stocks/historicals/BYAN.csv"
2025-05-19 20:24:39 [PID:10213] [TID:MainThread] [INFO] [Data Preparation Service] historical_scraper.py:100 - get_by_symbol() - Datasets are stored on "indonesia_stocks/historicals/BBRI.csv"
2025-05-19 20:24:41 [PID:10213] [TID:MainThread] [INFO] [Data Preparation Service] historical_scraper.py:100 - get_by_symbol() - Datasets are stored on "indonesia_stocks/historicals/DSSA.csv"
2025-05-19 20:24:44 [PID:10213] [TID:MainThread] [INFO] [Data Preparation Service] historical_scraper.py:100 - get_by_symbol() - Datasets are stored on "indonesia_stocks/historicals/PANI.csv"
2025-05-19 20:24:50 [PID:10213] [TID:MainThread] [INFO] [Data Preparation Service] historical_scraper.py:100 - get_by_symbol() - Datasets are stored on "indonesia_stocks/historicals/ASII.csv"
2025-05-19 20:24:55 [PID:10213] [TID:MainThread] [INFO] [Data Preparation Service] historical_scraper.py:100 - get_by_symbol() - Datasets are stored on "indonesia_stocks/historicals/BBNI.csv"
2025-05-19 20:24:57 [PID:10213] [TID:MainThread] [INFO] [Data Preparation Service] historical_scraper.py:100 - get_by_symbol() - Datasets are stored on "indonesia_stocks/historicals/DNET.csv"
2025-05-19 20:24:59 [PID:10213] [TID:MainThread] [INFO] [Data Preparation Service] historical_scraper.py:100 - get_by_symbol() - Datasets are stored on "indonesia_stocks/historicals/ICBP.csv"
2025-05-19 20:25:02 [PID:10213] [TID:MainThread] [INFO] [Data Preparation Service] historical_scraper.py:100 - get_by_symbol() - Datasets are stored on "indonesia_stocks/historicals/BRIS.csv"
2025-05-19 20:25:05 [PID:10213] [TID:MainThread] [INFO] [Data Preparation Service] historical_scraper.py:100 - get_by_symbol() - Datasets are stored on "indonesia_stocks/historicals/SMMA.csv"
2025-05-19 20:25:07 [PID:10213] [TID:MainThread] [INFO] [Data Preparation Service] historical_scraper.py:100 - get_by_symbol() - Datasets are stored on "indonesia_stocks/historicals/AMRT.csv"
2025-05-19 20:25:09 [PID:10213] [TID:MainThread] [INFO] [Data Preparation Service] historical_scraper.py:100 - get_by_symbol() - Datasets are stored on "indonesia_stocks/historicals/BNLI.csv"
2025-05-19 20:25:11 [PID:10213] [TID:MainThread] [INFO] [Data Preparation Service] historical_scraper.py:100 - get_by_symbol() - Datasets are stored on "indonesia_stocks/historicals/CPIN.csv"
2025-05-19 20:25:13 [PID:10213] [TID:MainThread] [INFO] [Data Preparation Service] historical_scraper.py:100 - get_by_symbol() - Datasets are stored on "indonesia_stocks/historicals/UNTR.csv"
2025-05-19 20:25:20 [PID:10213] [TID:MainThread] [INFO] [Data Preparation Service] historical_scraper.py:100 - get_by_symbol() - Datasets are stored on "indonesia_stocks/historicals/BRPT.csv"
2025-05-19 20:25:22 [PID:10213] [TID:MainThread] [INFO] [Data Preparation Service] historical_scraper.py:100 - get_by_symbol() - Datasets are stored on "indonesia_stocks/historicals/INDF.csv"
2025-05-19 20:25:24 [PID:10213] [TID:MainThread] [INFO] [Data Preparation Service] historical_scraper.py:100 - get_by_symbol() - Datasets are stored on "indonesia_stocks/historicals/UNVR.csv"
2025-05-19 20:25:27 [PID:10213] [TID:MainThread] [INFO] [Data Preparation Service] historical_scraper.py:100 - get_by_symbol() - Datasets are stored on "indonesia_stocks/historicals/KLBF.csv"
2025-05-19 20:25:29 [PID:10213] [TID:MainThread] [INFO] [Data Preparation Service] historical_scraper.py:100 - get_by_symbol() - Datasets are stored on "indonesia_stocks/historicals/ANTM.csv"
2025-05-19 20:25:31 [PID:10213] [TID:MainThread] [INFO] [Data Preparation Service] historical_scraper.py:100 - get_by_symbol() - Datasets are stored on "indonesia_stocks/historicals/MLPT.csv"
2025-05-19 20:25:33 [PID:10213] [TID:MainThread] [INFO] [Data Preparation Service] historical_scraper.py:100 - get_by_symbol() - Datasets are stored on "indonesia_stocks/historicals/MASA.csv"
2025-05-19 20:25:36 [PID:10213] [TID:MainThread] [INFO] [Data Preparation Service] historical_scraper.py:100 - get_by_symbol() - Datasets are stored on "indonesia_stocks/historicals/ADRO.csv"
2025-05-19 20:25:41 [PID:10213] [TID:MainThread] [INFO] [Data Preparation Service] historical_scraper.py:100 - get_by_symbol() - Datasets are stored on "indonesia_stocks/historicals/BRMS.csv"
2025-05-19 20:25:43 [PID:10213] [TID:MainThread] [INFO] [Data Preparation Service] historical_scraper.py:100 - get_by_symbol() - Datasets are stored on "indonesia_stocks/historicals/GEMS.csv"
2025-05-19 20:25:45 [PID:10213] [TID:MainThread] [INFO] [Data Preparation Service] historical_scraper.py:100 - get_by_symbol() - Datasets are stored on "indonesia_stocks/historicals/SUPR.csv"
2025-05-19 20:25:49 [PID:10213] [TID:MainThread] [INFO] [Data Preparation Service] historical_scraper.py:100 - get_by_symbol() - Datasets are stored on "indonesia_stocks/historicals/CASA.csv"
2025-05-19 20:25:52 [PID:10213] [TID:MainThread] [INFO] [Data Preparation Service] historical_scraper.py:100 - get_by_symbol() - Datasets are stored on "indonesia_stocks/historicals/TBIG.csv"
2025-05-19 20:25:56 [PID:10213] [TID:MainThread] [INFO] [Data Preparation Service] historical_scraper.py:100 - get_by_symbol() - Datasets are stored on "indonesia_stocks/historicals/MDKA.csv"
2025-05-19 20:25:58 [PID:10213] [TID:MainThread] [INFO] [Data Preparation Service] historical_scraper.py:100 - get_by_symbol() - Datasets are stored on "indonesia_stocks/historicals/MEGA.csv"
2025-05-19 20:26:02 [PID:10213] [TID:MainThread] [INFO] [Data Preparation Service] historical_scraper.py:100 - get_by_symbol() - Datasets are stored on "indonesia_stocks/historicals/BUMI.csv"
2025-05-19 20:26:06 [PID:10213] [TID:MainThread] [INFO] [Data Preparation Service] historical_scraper.py:100 - get_by_symbol() - Datasets are stored on "indonesia_stocks/historicals/EXCL.csv"
2025-05-19 20:26:07 [PID:10213] [TID:MainThread] [INFO] [Data Preparation Service] historical_scraper.py:100 - get_by_symbol() - Datasets are stored on "indonesia_stocks/historicals/EMTK.csv"
2025-05-19 20:26:10 [PID:10213] [TID:MainThread] [INFO] [Data Preparation Service] historical_scraper.py:100 - get_by_symbol() - Datasets are stored on "indonesia_stocks/historicals/SRAJ.csv"
2025-05-19 20:26:12 [PID:10213] [TID:MainThread] [INFO] [Data Preparation Service] historical_scraper.py:100 - get_by_symbol() - Datasets are stored on "indonesia_stocks/historicals/MIKA.csv"
2025-05-19 20:26:14 [PID:10213] [TID:MainThread] [INFO] [Data Preparation Service] historical_scraper.py:100 - get_by_symbol() - Datasets are stored on "indonesia_stocks/historicals/PNBN.csv"
2025-05-19 20:26:27 [PID:10213] [TID:MainThread] [INFO] [Data Preparation Service] historical_scraper.py:100 - get_by_symbol() - Datasets are stored on "indonesia_stocks/historicals/INKP.csv"
2025-05-19 20:26:29 [PID:10213] [TID:MainThread] [INFO] [Data Preparation Service] historical_scraper.py:100 - get_by_symbol() - Datasets are stored on "indonesia_stocks/historicals/SILO.csv"
2025-05-19 20:26:34 [PID:10213] [TID:MainThread] [INFO] [Data Preparation Service] historical_scraper.py:100 - get_by_symbol() - Datasets are stored on "indonesia_stocks/historicals/PTRO.csv"
2025-05-19 20:26:37 [PID:10213] [TID:MainThread] [INFO] [Data Preparation Service] historical_scraper.py:100 - get_by_symbol() - Datasets are stored on "indonesia_stocks/historicals/INCO.csv"
2025-05-19 20:26:40 [PID:10213] [TID:MainThread] [INFO] [Data Preparation Service] historical_scraper.py:100 - get_by_symbol() - Datasets are stored on "indonesia_stocks/historicals/NISP.csv"
2025-05-19 20:26:43 [PID:10213] [TID:MainThread] [INFO] [Data Preparation Service] historical_scraper.py:100 - get_by_symbol() - Datasets are stored on "indonesia_stocks/historicals/TCPI.csv"
2025-05-19 20:26:46 [PID:10213] [TID:MainThread] [INFO] [Data Preparation Service] historical_scraper.py:100 - get_by_symbol() - Datasets are stored on "indonesia_stocks/historicals/MSIN.csv"
2025-05-19 20:26:50 [PID:10213] [TID:MainThread] [INFO] [Data Preparation Service] historical_scraper.py:100 - get_by_symbol() - Datasets are stored on "indonesia_stocks/historicals/MEDC.csv"
2025-05-19 20:26:53 [PID:10213] [TID:MainThread] [INFO] [Data Preparation Service] historical_scraper.py:100 - get_by_symbol() - Datasets are stored on "indonesia_stocks/historicals/FILM.csv"
2025-05-19 20:26:57 [PID:10213] [TID:MainThread] [INFO] [Data Preparation Service] historical_scraper.py:100 - get_by_symbol() - Datasets are stored on "indonesia_stocks/historicals/ARTO.csv"
2025-05-19 20:27:00 [PID:10213] [TID:MainThread] [INFO] [Data Preparation Service] historical_scraper.py:100 - get_by_symbol() - Datasets are stored on "indonesia_stocks/historicals/BINA.csv"
2025-05-19 20:27:05 [PID:10213] [TID:MainThread] [INFO] [Data Preparation Service] historical_scraper.py:100 - get_by_symbol() - Datasets are stored on "indonesia_stocks/historicals/AKRA.csv"
2025-05-19 20:27:07 [PID:10213] [TID:MainThread] [INFO] [Data Preparation Service] historical_scraper.py:100 - get_by_symbol() - Datasets are stored on "indonesia_stocks/historicals/ITMG.csv"
YF.download() has changed argument auto_adjust default to True
